#
# A fatal error has been detected by the Java Runtime Environment:
#
#  EXCEPTION_ACCESS_VIOLATION (0xc0000005) at pc=0x539d55f7, pid=8108, tid=0x00001cf4
#
# JRE version: Java(TM) SE Runtime Environment (8.0_181-b13) (build 1.8.0_181-b13)
# Java VM: Java HotSpot(TM) Client VM (25.181-b13 mixed mode windows-x86 )
# Problematic frame:
# C  [glass.dll+0x155f7]
#
# Failed to write core dump. Minidumps are not enabled by default on client versions of Windows
#
# If you would like to submit a bug report, please visit:
#   http://bugreport.java.com/bugreport/crash.jsp
# The crash happened outside the Java Virtual Machine in native code.
# See problematic frame for where to report the bug.
#

---------------  T H R E A D  ---------------

Current thread (0x16fd4000):  JavaThread "JavaFX Application Thread" [_thread_in_native, id=7412, stack(0x17470000,0x174c0000)]

siginfo: ExceptionCode=0xc0000005, reading address 0x00000008

Registers:
EAX=0x539e4434, EBX=0x174bebc0, ECX=0x174bebc0, EDX=0x539e31ac
ESP=0x174be9d0, EBP=0x00000000, ESI=0x174bebc0, EDI=0x00000000
EIP=0x539d55f7, EFLAGS=0x00010297

Top of Stack: (sp=0x174be9d0)
0x174be9d0:   174bebc0 00000401 539c8b06 00230a7e
0x174be9e0:   008b0070 00000000 00000401 539c15df
0x174be9f0:   00000401 174bebc0 00000000 00230a7e
0x174bea00:   00000401 174bea34 00000001 76125307
0x174bea10:   00230a7e 00000401 174bebc0 00000000
0x174bea20:   00000401 dcbaabcd 00000001 00230a7e
0x174bea30:   00000401 174beb20 7610185c 539c1590
0x174bea40:   00230a7e 00000401 174bebc0 00000000 

Instructions: (pc=0x539d55f7)
0x539d55d7:   c4 08 8b c6 8b 4d f4 64 89 0d 00 00 00 00 59 5f
0x539d55e7:   5e 8b e5 5d c2 04 00 cc cc 56 8b f1 57 8b 7e 08
0x539d55f7:   8b 47 08 85 c0 74 29 6a 00 68 c4 e1 9e 53 68 28
0x539d5607:   e1 9e 53 6a 00 50 e8 b6 9c 00 00 83 c4 14 85 c0 


Register to memory mapping:

EAX=0x539e4434 is an unknown value
EBX=0x174bebc0 is pointing into the stack for thread: 0x16fd4000
ECX=0x174bebc0 is pointing into the stack for thread: 0x16fd4000
EDX=0x539e31ac is an unknown value
ESP=0x174be9d0 is pointing into the stack for thread: 0x16fd4000
EBP=0x00000000 is an unknown value
ESI=0x174bebc0 is pointing into the stack for thread: 0x16fd4000
EDI=0x00000000 is an unknown value


Stack: [0x17470000,0x174c0000],  sp=0x174be9d0,  free space=314k
Native frames: (J=compiled Java code, j=interpreted, Vv=VM code, C=native code)
C  [glass.dll+0x155f7]

Java frames: (J=compiled Java code, j=interpreted, Vv=VM code)
j  com.sun.glass.ui.win.WinView._close(J)Z+0
j  com.sun.glass.ui.View.close()V+53
j  com.sun.glass.ui.Window.close()V+41
j  com.sun.glass.ui.win.WinWindow.close()V+8
j  com.sun.glass.ui.Application.terminate()V+75
j  com.sun.javafx.tk.quantum.QuantumToolkit.lambda$exit$405()Ljava/lang/Object;+5
j  com.sun.javafx.tk.quantum.QuantumToolkit$$Lambda$314.get()Ljava/lang/Object;+0
j  com.sun.javafx.tk.quantum.QuantumToolkit.runWithRenderLock(Ljava/util/function/Supplier;)Ljava/lang/Object;+7
j  com.sun.javafx.tk.quantum.QuantumToolkit.exit()V+26
j  com.sun.javafx.application.PlatformImpl.lambda$tkExit$177()V+3
j  com.sun.javafx.application.PlatformImpl$$Lambda$313.run()V+0
j  com.sun.javafx.application.PlatformImpl.lambda$runAndWait$174(Ljava/lang/Runnable;Ljava/util/concurrent/CountDownLatch;)V+1
j  com.sun.javafx.application.PlatformImpl$$Lambda$47.run()V+8
J 1957 C1 com.sun.javafx.application.PlatformImpl$$Lambda$49.run()Ljava/lang/Object; (8 bytes) @ 0x022b8bf8 [0x022b8bd0+0x28]
v  ~StubRoutines::call_stub
J 1542  java.security.AccessController.doPrivileged(Ljava/security/PrivilegedAction;Ljava/security/AccessControlContext;)Ljava/lang/Object; (0 bytes) @ 0x0224da07 [0x0224d9a0+0x67]
J 2014 C1 com.sun.javafx.application.PlatformImpl.lambda$runLater$173(Ljava/lang/Runnable;Ljava/security/AccessControlContext;)V (38 bytes) @ 0x022c9850 [0x022c97f0+0x60]
J 1954 C1 com.sun.javafx.application.PlatformImpl$$Lambda$48.run()V (12 bytes) @ 0x022b85ec [0x022b85c0+0x2c]
J 1694 C1 com.sun.glass.ui.InvokeLaterDispatcher$Future.run()V (91 bytes) @ 0x02272f30 [0x02272f00+0x30]
v  ~StubRoutines::call_stub
j  com.sun.glass.ui.win.WinApplication._runLoop(Ljava/lang/Runnable;)V+0
j  com.sun.glass.ui.win.WinApplication.lambda$null$147(ILjava/lang/Runnable;)V+8
j  com.sun.glass.ui.win.WinApplication$$Lambda$37.run()V+12
j  java.lang.Thread.run()V+11
v  ~StubRoutines::call_stub

---------------  P R O C E S S  ---------------

Java Threads: ( => current thread )
  0x17110800 JavaThread "Prism Font Disposer" daemon [_thread_blocked, id=13040, stack(0x2d5e0000,0x2d630000)]
  0x16ff3c00 JavaThread "Thread-3" daemon [_thread_in_native, id=13392, stack(0x1b840000,0x1b890000)]
  0x16fe3800 JavaThread "JavaFX-Launcher" [_thread_blocked, id=9072, stack(0x1b890000,0x1b8e0000)]
=>0x16fd4000 JavaThread "JavaFX Application Thread" [_thread_in_native, id=7412, stack(0x17470000,0x174c0000)]
  0x16fd2800 JavaThread "Thread-1" daemon [_thread_blocked, id=7496, stack(0x14d20000,0x14d70000)]
  0x146c9800 JavaThread "QuantumRenderer-0" daemon [_thread_blocked, id=12408, stack(0x14b10000,0x14b60000)]
  0x14578400 JavaThread "Service Thread" daemon [_thread_blocked, id=12928, stack(0x148e0000,0x14930000)]
  0x14526c00 JavaThread "C1 CompilerThread0" daemon [_thread_blocked, id=12868, stack(0x14890000,0x148e0000)]
  0x14553800 JavaThread "Attach Listener" daemon [_thread_blocked, id=12980, stack(0x14840000,0x14890000)]
  0x14519800 JavaThread "Signal Dispatcher" daemon [_thread_blocked, id=6184, stack(0x147f0000,0x14840000)]
  0x14509800 JavaThread "Finalizer" daemon [_thread_blocked, id=13240, stack(0x14740000,0x14790000)]
  0x01f7e800 JavaThread "Reference Handler" daemon [_thread_blocked, id=2864, stack(0x146f0000,0x14740000)]
  0x01a3c800 JavaThread "main" [_thread_blocked, id=11064, stack(0x019e0000,0x01a30000)]

Other Threads:
  0x01f7cc00 VMThread [stack: 0x03f80000,0x03fd0000] [id=2596]
  0x1457bc00 WatcherThread [stack: 0x14930000,0x14980000] [id=13600]

VM state:not at safepoint (normal execution)

VM Mutex/Monitor currently owned by a thread: None

Heap:
 def new generation   total 69696K, used 38359K [0x04000000, 0x08ba0000, 0x09550000)
  eden space 61952K,  61% used [0x04000000, 0x06575f98, 0x07c80000)
  from space 7744K,   0% used [0x07c80000, 0x07c80000, 0x08410000)
  to   space 7744K,   0% used [0x08410000, 0x08410000, 0x08ba0000)
 tenured generation   total 154796K, used 92877K [0x09550000, 0x12c7b000, 0x14000000)
   the space 154796K,  59% used [0x09550000, 0x0f0034c0, 0x0f003600, 0x12c7b000)
 Metaspace       used 11966K, capacity 12696K, committed 12800K, reserved 13696K

Card table byte_map: [0x14000000,0x14090000] byte_map_base: 0x13fe0000

Polling page: 0x00860000

CodeCache: size=32768Kb used=3389Kb max_used=3389Kb free=29379Kb
 bounds [0x01f80000, 0x022d0000, 0x03f80000]
 total_blobs=2424 nmethods=2000 adapters=354
 compilation: enabled

Compilation events (10 events):
Event: 40.726 Thread 0x14526c00 2023             com.sun.prism.impl.BaseGraphics::getFinalClipNoClone (5 bytes)
Event: 40.726 Thread 0x14526c00 nmethod 2023 0x022cc088 code [0x022cc180, 0x022cc200]
Event: 41.270 Thread 0x14526c00 2024             com.sun.javafx.sg.prism.NGShape::renderContent (458 bytes)
Event: 41.273 Thread 0x14526c00 nmethod 2024 0x022cc248 code [0x022cc580, 0x022ccf60]
Event: 41.411 Thread 0x14526c00 2025   !         com.sun.javafx.tk.quantum.PaintCollector::renderAll (402 bytes)
Event: 41.413 Thread 0x14526c00 nmethod 2025 0x022cdc48 code [0x022cde00, 0x022ce364]
Event: 41.508 Thread 0x14526c00 2026             com.sun.javafx.geom.RectBounds::unionWith (82 bytes)
Event: 41.510 Thread 0x14526c00 nmethod 2026 0x022ce888 code [0x022ce9b0, 0x022ceba0]
Event: 41.603 Thread 0x14526c00 2027             com.sun.javafx.geom.transform.AffineBase::transform2DBounds (576 bytes)
Event: 41.605 Thread 0x14526c00 nmethod 2027 0x022cec88 code [0x022cee00, 0x022cf4c0]

GC Heap History (10 events):
Event: 8.642 GC heap before
{Heap before GC invocations=18 (full 2):
 def new generation   total 16000K, used 13553K [0x04000000, 0x05150000, 0x09550000)
  eden space 14272K,  91% used [0x04000000, 0x04ccff80, 0x04df0000)
  from space 1728K,  25% used [0x04df0000, 0x04e5c7d8, 0x04fa0000)
  to   space 1728K,   0% used [0x04fa0000, 0x04fa0000, 0x05150000)
 tenured generation   total 71876K, used 67323K [0x09550000, 0x0db81000, 0x14000000)
   the space 71876K,  93% used [0x09550000, 0x0d70ece8, 0x0d70ee00, 0x0db81000)
 Metaspace       used 11887K, capacity 12624K, committed 12672K, reserved 12672K
Event: 8.707 GC heap after
Heap after GC invocations=19 (full 3):
 def new generation   total 32384K, used 0K [0x04000000, 0x06320000, 0x09550000)
  eden space 28800K,   0% used [0x04000000, 0x04000000, 0x05c20000)
  from space 3584K,   0% used [0x05c20000, 0x05c20000, 0x05fa0000)
  to   space 3584K,   0% used [0x05fa0000, 0x05fa0000, 0x06320000)
 tenured generation   total 71876K, used 27829K [0x09550000, 0x0db81000, 0x14000000)
   the space 71876K,  38% used [0x09550000, 0x0b07d410, 0x0b07d600, 0x0db81000)
 Metaspace       used 11879K, capacity 12604K, committed 12672K, reserved 12672K
}
Event: 27.431 GC heap before
{Heap before GC invocations=19 (full 3):
 def new generation   total 32384K, used 8455K [0x04000000, 0x06320000, 0x09550000)
  eden space 28800K,  29% used [0x04000000, 0x04841d68, 0x05c20000)
  from space 3584K,   0% used [0x05c20000, 0x05c20000, 0x05fa0000)
  to   space 3584K,   0% used [0x05fa0000, 0x05fa0000, 0x06320000)
 tenured generation   total 71876K, used 27829K [0x09550000, 0x0db81000, 0x14000000)
   the space 71876K,  38% used [0x09550000, 0x0b07d410, 0x0b07d600, 0x0db81000)
 Metaspace       used 11930K, capacity 12639K, committed 12672K, reserved 12672K
Event: 27.491 GC heap after
Heap after GC invocations=20 (full 4):
 def new generation   total 32384K, used 0K [0x04000000, 0x06320000, 0x09550000)
  eden space 28800K,   0% used [0x04000000, 0x04000000, 0x05c20000)
  from space 3584K,   0% used [0x05fa0000, 0x05fa0000, 0x06320000)
  to   space 3584K,   0% used [0x05c20000, 0x05c20000, 0x05fa0000)
 tenured generation   total 71876K, used 27568K [0x09550000, 0x0db81000, 0x14000000)
   the space 71876K,  38% used [0x09550000, 0x0b03c268, 0x0b03c400, 0x0db81000)
 Metaspace       used 11930K, capacity 12639K, committed 12672K, reserved 12672K
}
Event: 37.224 GC heap before
{Heap before GC invocations=20 (full 4):
 def new generation   total 32384K, used 26305K [0x04000000, 0x06320000, 0x09550000)
  eden space 28800K,  91% used [0x04000000, 0x059b0458, 0x05c20000)
  from space 3584K,   0% used [0x05fa0000, 0x05fa0000, 0x06320000)
  to   space 3584K,   0% used [0x05c20000, 0x05c20000, 0x05fa0000)
 tenured generation   total 117852K, used 73543K [0x09550000, 0x10867000, 0x14000000)
   the space 117852K,  62% used [0x09550000, 0x0dd21eb8, 0x0dd22000, 0x10867000)
 Metaspace       used 11953K, capacity 12673K, committed 12800K, reserved 13696K
Event: 37.282 GC heap after
Heap after GC invocations=21 (full 5):
 def new generation   total 66944K, used 0K [0x04000000, 0x088a0000, 0x09550000)
  eden space 59520K,   0% used [0x04000000, 0x04000000, 0x07a20000)
  from space 7424K,   0% used [0x07a20000, 0x07a20000, 0x08160000)
  to   space 7424K,   0% used [0x08160000, 0x08160000, 0x088a0000)
 tenured generation   total 148656K, used 89192K [0x09550000, 0x1267c000, 0x14000000)
   the space 148656K,  59% used [0x09550000, 0x0ec6a358, 0x0ec6a400, 0x1267c000)
 Metaspace       used 11953K, capacity 12673K, committed 12800K, reserved 13696K
}
Event: 38.737 GC heap before
{Heap before GC invocations=21 (full 5):
 def new generation   total 66944K, used 62595K [0x04000000, 0x088a0000, 0x09550000)
  eden space 59520K,  97% used [0x04000000, 0x0787c890, 0x07a20000)
  from space 7424K,  64% used [0x07a20000, 0x07ec4640, 0x08160000)
  to   space 7424K,   0% used [0x08160000, 0x08160000, 0x088a0000)
 tenured generation   total 148656K, used 89192K [0x09550000, 0x1267c000, 0x14000000)
   the space 148656K,  59% used [0x09550000, 0x0ec6a358, 0x0ec6a400, 0x1267c000)
 Metaspace       used 11954K, capacity 12676K, committed 12800K, reserved 13696K
Event: 38.818 GC heap after
Heap after GC invocations=22 (full 5):
 def new generation   total 66944K, used 4783K [0x04000000, 0x088a0000, 0x09550000)
  eden space 59520K,   0% used [0x04000000, 0x04000000, 0x07a20000)
  from space 7424K,  64% used [0x08160000, 0x0860bf10, 0x088a0000)
  to   space 7424K,   0% used [0x07a20000, 0x07a20000, 0x08160000)
 tenured generation   total 148656K, used 146001K [0x09550000, 0x1267c000, 0x14000000)
   the space 148656K,  98% used [0x09550000, 0x123e45e0, 0x123e4600, 0x1267c000)
 Metaspace       used 11954K, capacity 12676K, committed 12800K, reserved 13696K
}
Event: 40.726 GC heap before
{Heap before GC invocations=22 (full 5):
 def new generation   total 66944K, used 34812K [0x04000000, 0x088a0000, 0x09550000)
  eden space 59520K,  50% used [0x04000000, 0x05d53140, 0x07a20000)
  from space 7424K,  64% used [0x08160000, 0x0860bf10, 0x088a0000)
  to   space 7424K,   0% used [0x07a20000, 0x07a20000, 0x08160000)
 tenured generation   total 148656K, used 146001K [0x09550000, 0x1267c000, 0x14000000)
   the space 148656K,  98% used [0x09550000, 0x123e45e0, 0x123e4600, 0x1267c000)
 Metaspace       used 11954K, capacity 12676K, committed 12800K, reserved 13696K
Event: 40.866 GC heap after
Heap after GC invocations=23 (full 6):
 def new generation   total 69696K, used 0K [0x04000000, 0x08ba0000, 0x09550000)
  eden space 61952K,   0% used [0x04000000, 0x04000000, 0x07c80000)
  from space 7744K,   0% used [0x07c80000, 0x07c80000, 0x08410000)
  to   space 7744K,   0% used [0x08410000, 0x08410000, 0x08ba0000)
 tenured generation   total 154796K, used 92877K [0x09550000, 0x12c7b000, 0x14000000)
   the space 154796K,  59% used [0x09550000, 0x0f0034c0, 0x0f003600, 0x12c7b000)
 Metaspace       used 11954K, capacity 12676K, committed 12800K, reserved 13696K
}

Deoptimization events (0 events):
No events

Classes redefined (0 events):
No events

Internal exceptions (10 events):
Event: 6.343 Thread 0x146c9800 Exception <a 'java/lang/ArrayIndexOutOfBoundsException'> (0x040d6140) thrown at [C:\workspace\8-2-build-windows-i586-cygwin\jdk8u181\11358\hotspot\src\share\vm\runtime\sharedRuntime.cpp, line 605]
Event: 6.343 Thread 0x146c9800 Exception <a 'java/lang/ArrayIndexOutOfBoundsException'> (0x040d6360) thrown at [C:\workspace\8-2-build-windows-i586-cygwin\jdk8u181\11358\hotspot\src\share\vm\runtime\sharedRuntime.cpp, line 605]
Event: 6.484 Thread 0x146c9800 Exception <a 'java/lang/ArrayIndexOutOfBoundsException'> (0x040552b0) thrown at [C:\workspace\8-2-build-windows-i586-cygwin\jdk8u181\11358\hotspot\src\share\vm\runtime\sharedRuntime.cpp, line 605]
Event: 6.600 Thread 0x146c9800 Exception <a 'java/lang/ArrayIndexOutOfBoundsException'> (0x0405ae88) thrown at [C:\workspace\8-2-build-windows-i586-cygwin\jdk8u181\11358\hotspot\src\share\vm\runtime\sharedRuntime.cpp, line 605]
Event: 6.600 Thread 0x146c9800 Exception <a 'java/lang/ArrayIndexOutOfBoundsException'> (0x0405b0a8) thrown at [C:\workspace\8-2-build-windows-i586-cygwin\jdk8u181\11358\hotspot\src\share\vm\runtime\sharedRuntime.cpp, line 605]
Event: 6.840 Thread 0x146c9800 Exception <a 'java/lang/ArrayIndexOutOfBoundsException'> (0x0405ea70) thrown at [C:\workspace\8-2-build-windows-i586-cygwin\jdk8u181\11358\hotspot\src\share\vm\runtime\sharedRuntime.cpp, line 605]
Event: 6.840 Thread 0x146c9800 Exception <a 'java/lang/ArrayIndexOutOfBoundsException'> (0x0405ec90) thrown at [C:\workspace\8-2-build-windows-i586-cygwin\jdk8u181\11358\hotspot\src\share\vm\runtime\sharedRuntime.cpp, line 605]
Event: 6.855 Thread 0x146c9800 Exception <a 'java/lang/ArrayIndexOutOfBoundsException'> (0x040611b0) thrown at [C:\workspace\8-2-build-windows-i586-cygwin\jdk8u181\11358\hotspot\src\share\vm\runtime\sharedRuntime.cpp, line 605]
Event: 7.322 Thread 0x146c9800 Exception <a 'java/lang/ArrayIndexOutOfBoundsException'> (0x04974ab0) thrown at [C:\workspace\8-2-build-windows-i586-cygwin\jdk8u181\11358\hotspot\src\share\vm\runtime\sharedRuntime.cpp, line 605]
Event: 7.322 Thread 0x146c9800 Exception <a 'java/lang/ArrayIndexOutOfBoundsException'> (0x04974cd0) thrown at [C:\workspace\8-2-build-windows-i586-cygwin\jdk8u181\11358\hotspot\src\share\vm\runtime\sharedRuntime.cpp, line 605]

Events (10 events):
Event: 327.681 loading class com/sun/javafx/tk/quantum/WindowStage
Event: 327.681 loading class com/sun/javafx/tk/quantum/WindowStage done
Event: 327.683 loading class com/sun/prism/GraphicsResource
Event: 327.683 loading class com/sun/prism/GraphicsResource done
Event: 327.683 loading class com/sun/prism/GraphicsResource
Event: 327.683 loading class com/sun/prism/GraphicsResource done
Event: 327.684 loading class com/sun/javafx/tk/quantum/ViewScene
Event: 327.684 loading class com/sun/javafx/tk/quantum/ViewScene done
Event: 327.685 loading class com/sun/javafx/tk/quantum/WindowStage
Event: 327.685 loading class com/sun/javafx/tk/quantum/WindowStage done


Dynamic libraries:
0x009c0000 - 0x009f3000 	D:\java\bin\javaw.exe
0x77a10000 - 0x77b9f000 	C:\WINDOWS\SYSTEM32\ntdll.dll
0x76590000 - 0x76628000 	C:\WINDOWS\System32\KERNEL32.DLL
0x74730000 - 0x74916000 	C:\WINDOWS\System32\KERNELBASE.dll
0x76070000 - 0x760e8000 	C:\WINDOWS\System32\ADVAPI32.dll
0x76470000 - 0x7652f000 	C:\WINDOWS\System32\msvcrt.dll
0x75fc0000 - 0x76004000 	C:\WINDOWS\System32\sechost.dll
0x75e60000 - 0x75f27000 	C:\WINDOWS\System32\RPCRT4.dll
0x760f0000 - 0x76264000 	C:\WINDOWS\System32\USER32.dll
0x75100000 - 0x7511b000 	C:\WINDOWS\System32\win32u.dll
0x779d0000 - 0x779f2000 	C:\WINDOWS\System32\GDI32.dll
0x74f90000 - 0x750f7000 	C:\WINDOWS\System32\gdi32full.dll
0x75240000 - 0x752bd000 	C:\WINDOWS\System32\msvcp_win.dll
0x75120000 - 0x7523d000 	C:\WINDOWS\System32\ucrtbase.dll
0x6e590000 - 0x6e794000 	C:\WINDOWS\WinSxS\x86_microsoft.windows.common-controls_6595b64144ccf1df_6.0.17134.648_none_42f2d7c044decfd8\COMCTL32.dll
0x75750000 - 0x759ac000 	C:\WINDOWS\System32\combase.dll
0x74f30000 - 0x74f88000 	C:\WINDOWS\System32\bcryptPrimitives.dll
0x75450000 - 0x75476000 	C:\WINDOWS\System32\IMM32.DLL
0x686f0000 - 0x687af000 	D:\java\jre\bin\msvcr100.dll
0x6cae0000 - 0x6ceb3000 	D:\java\jre\bin\client\jvm.dll
0x77a00000 - 0x77a06000 	C:\WINDOWS\System32\PSAPI.DLL
0x65d40000 - 0x65d48000 	C:\WINDOWS\SYSTEM32\WSOCK32.dll
0x71910000 - 0x71934000 	C:\WINDOWS\SYSTEM32\WINMM.dll
0x75df0000 - 0x75e57000 	C:\WINDOWS\System32\WS2_32.dll
0x70440000 - 0x70448000 	C:\WINDOWS\SYSTEM32\VERSION.dll
0x718e0000 - 0x71903000 	C:\WINDOWS\SYSTEM32\WINMMBASE.dll
0x744c0000 - 0x744f9000 	C:\WINDOWS\System32\cfgmgr32.dll
0x686e0000 - 0x686ec000 	D:\java\jre\bin\verify.dll
0x686b0000 - 0x686d2000 	D:\java\jre\bin\java.dll
0x68690000 - 0x686a4000 	D:\java\jre\bin\zip.dll
0x76680000 - 0x779ca000 	C:\WINDOWS\System32\SHELL32.dll
0x75f30000 - 0x75fb8000 	C:\WINDOWS\System32\shcore.dll
0x74970000 - 0x74f2a000 	C:\WINDOWS\System32\windows.storage.dll
0x76630000 - 0x76675000 	C:\WINDOWS\System32\shlwapi.dll
0x74490000 - 0x7449f000 	C:\WINDOWS\System32\kernel.appcore.dll
0x744a0000 - 0x744b8000 	C:\WINDOWS\System32\profapi.dll
0x74440000 - 0x74485000 	C:\WINDOWS\System32\powrprof.dll
0x74430000 - 0x74438000 	C:\WINDOWS\System32\FLTLIB.DLL
0x70be0000 - 0x70be3000 	D:\java\jre\bin\api-ms-win-core-console-l1-1-0.dll
0x704f0000 - 0x704f3000 	D:\java\jre\bin\api-ms-win-core-datetime-l1-1-0.dll
0x6ae10000 - 0x6ae13000 	D:\java\jre\bin\api-ms-win-core-debug-l1-1-0.dll
0x6a930000 - 0x6a933000 	D:\java\jre\bin\api-ms-win-core-errorhandling-l1-1-0.dll
0x68650000 - 0x68654000 	D:\java\jre\bin\api-ms-win-core-file-l1-1-0.dll
0x68640000 - 0x68643000 	D:\java\jre\bin\api-ms-win-core-file-l1-2-0.dll
0x68630000 - 0x68633000 	D:\java\jre\bin\api-ms-win-core-file-l2-1-0.dll
0x68620000 - 0x68623000 	D:\java\jre\bin\api-ms-win-core-handle-l1-1-0.dll
0x68610000 - 0x68613000 	D:\java\jre\bin\api-ms-win-core-heap-l1-1-0.dll
0x685d0000 - 0x685d3000 	D:\java\jre\bin\api-ms-win-core-interlocked-l1-1-0.dll
0x68530000 - 0x68533000 	D:\java\jre\bin\api-ms-win-core-libraryloader-l1-1-0.dll
0x67fb0000 - 0x67fb3000 	D:\java\jre\bin\api-ms-win-core-localization-l1-2-0.dll
0x67f40000 - 0x67f43000 	D:\java\jre\bin\api-ms-win-core-memory-l1-1-0.dll
0x67f30000 - 0x67f33000 	D:\java\jre\bin\api-ms-win-core-namedpipe-l1-1-0.dll
0x67f20000 - 0x67f23000 	D:\java\jre\bin\api-ms-win-core-processenvironment-l1-1-0.dll
0x67f10000 - 0x67f13000 	D:\java\jre\bin\api-ms-win-core-processthreads-l1-1-0.dll
0x67e20000 - 0x67e23000 	D:\java\jre\bin\api-ms-win-core-processthreads-l1-1-1.dll
0x67e10000 - 0x67e13000 	D:\java\jre\bin\api-ms-win-core-profile-l1-1-0.dll
0x67e00000 - 0x67e03000 	D:\java\jre\bin\api-ms-win-core-rtlsupport-l1-1-0.dll
0x67df0000 - 0x67df3000 	D:\java\jre\bin\api-ms-win-core-string-l1-1-0.dll
0x67de0000 - 0x67de3000 	D:\java\jre\bin\api-ms-win-core-synch-l1-1-0.dll
0x67d20000 - 0x67d23000 	D:\java\jre\bin\api-ms-win-core-synch-l1-2-0.dll
0x67700000 - 0x67703000 	D:\java\jre\bin\api-ms-win-core-sysinfo-l1-1-0.dll
0x67520000 - 0x67523000 	D:\java\jre\bin\api-ms-win-core-timezone-l1-1-0.dll
0x62220000 - 0x62223000 	D:\java\jre\bin\api-ms-win-core-util-l1-1-0.dll
0x62210000 - 0x62213000 	D:\java\jre\bin\api-ms-win-crt-conio-l1-1-0.dll
0x62200000 - 0x62204000 	D:\java\jre\bin\api-ms-win-crt-convert-l1-1-0.dll
0x621f0000 - 0x621f3000 	D:\java\jre\bin\api-ms-win-crt-environment-l1-1-0.dll
0x621a0000 - 0x621a3000 	D:\java\jre\bin\api-ms-win-crt-filesystem-l1-1-0.dll
0x62190000 - 0x62193000 	D:\java\jre\bin\api-ms-win-crt-heap-l1-1-0.dll
0x62180000 - 0x62183000 	D:\java\jre\bin\api-ms-win-crt-locale-l1-1-0.dll
0x610f0000 - 0x610f5000 	D:\java\jre\bin\api-ms-win-crt-math-l1-1-0.dll
0x610e0000 - 0x610e5000 	D:\java\jre\bin\api-ms-win-crt-multibyte-l1-1-0.dll
0x60210000 - 0x60220000 	D:\java\jre\bin\api-ms-win-crt-private-l1-1-0.dll
0x5fd90000 - 0x5fd93000 	D:\java\jre\bin\api-ms-win-crt-process-l1-1-0.dll
0x5fd30000 - 0x5fd34000 	D:\java\jre\bin\api-ms-win-crt-runtime-l1-1-0.dll
0x5fd20000 - 0x5fd24000 	D:\java\jre\bin\api-ms-win-crt-stdio-l1-1-0.dll
0x5fd10000 - 0x5fd14000 	D:\java\jre\bin\api-ms-win-crt-string-l1-1-0.dll
0x5f6c0000 - 0x5f6c3000 	D:\java\jre\bin\api-ms-win-crt-time-l1-1-0.dll
0x5f4c0000 - 0x5f4c3000 	D:\java\jre\bin\api-ms-win-crt-utility-l1-1-0.dll
0x14980000 - 0x14a98000 	D:\java\jre\bin\ucrtbase.dll
0x5f4a0000 - 0x5f4b4000 	D:\java\jre\bin\vcruntime140.dll
0x14aa0000 - 0x14b0c000 	D:\java\jre\bin\msvcp140.dll
0x5e490000 - 0x5e4cb000 	D:\java\jre\bin\concrt140.dll
0x58040000 - 0x5805f000 	D:\java\jre\bin\prism_d3d.dll
0x14b60000 - 0x14ccf000 	C:\WINDOWS\system32\d3d9.dll
0x73260000 - 0x73283000 	C:\WINDOWS\SYSTEM32\dwmapi.dll
0x72dc0000 - 0x72e3c000 	C:\WINDOWS\system32\uxtheme.dll
0x14da0000 - 0x16fa1000 	C:\WINDOWS\SYSTEM32\igdumdim32.dll
0x759b0000 - 0x75ddb000 	C:\WINDOWS\System32\SETUPAPI.dll
0x76270000 - 0x76306000 	C:\WINDOWS\System32\OLEAUT32.dll
0x75560000 - 0x7565c000 	C:\WINDOWS\System32\ole32.dll
0x539c0000 - 0x539f8000 	D:\java\jre\bin\glass.dll
0x75480000 - 0x75556000 	C:\WINDOWS\System32\COMDLG32.dll
0x76310000 - 0x76453000 	C:\WINDOWS\System32\MSCTF.dll
0x6aed0000 - 0x6b76b000 	C:\WINDOWS\SYSTEM32\igdusc32.dll
0x5f490000 - 0x5f4a0000 	D:\java\jre\bin\javafx_font.dll
0x6c630000 - 0x6c8b8000 	C:\WINDOWS\SYSTEM32\dwrite.dll
0x6f830000 - 0x6f845000 	D:\java\jre\bin\net.dll
0x73db0000 - 0x73e08000 	C:\WINDOWS\system32\mswsock.dll
0x72490000 - 0x7249f000 	D:\java\jre\bin\nio.dll
0x53320000 - 0x53341000 	D:\java\jre\bin\javafx_iio.dll
0x75660000 - 0x756e3000 	C:\WINDOWS\System32\clbcatq.dll
0x6d4c0000 - 0x6d631000 	C:\WINDOWS\SYSTEM32\WindowsCodecs.dll
0x61dd0000 - 0x61e1f000 	C:\WINDOWS\system32\dataexchange.dll
0x72940000 - 0x72a7c000 	C:\WINDOWS\system32\dcomp.dll
0x71fc0000 - 0x72212000 	C:\WINDOWS\system32\d3d11.dll
0x734d0000 - 0x73568000 	C:\WINDOWS\system32\dxgi.dll
0x72ff0000 - 0x73155000 	C:\WINDOWS\system32\twinapi.appcore.dll
0x73160000 - 0x73181000 	C:\WINDOWS\system32\RMCLIENT.dll
0x6aa60000 - 0x6aa85000 	C:\Program Files\Common Files\Microsoft Shared\Ink\rtscom.dll
0x6ed40000 - 0x6edbd000 	C:\WINDOWS\System32\TextInputFramework.dll
0x6d100000 - 0x6d35d000 	C:\WINDOWS\System32\CoreUIComponents.dll
0x72a80000 - 0x72b26000 	C:\WINDOWS\System32\CoreMessaging.dll
0x73770000 - 0x73799000 	C:\WINDOWS\SYSTEM32\ntmarta.dll
0x715f0000 - 0x716c6000 	C:\WINDOWS\SYSTEM32\wintypes.dll
0x5ed20000 - 0x5ed2f000 	D:\java\jre\bin\prism_common.dll
0x71aa0000 - 0x71fb4000 	C:\WINDOWS\SYSTEM32\d2d1.dll
0x2eee0000 - 0x2f466000 	C:\WINDOWS\SYSTEM32\D3D10Warp.dll
0x65050000 - 0x651d2000 	C:\WINDOWS\SYSTEM32\dbghelp.dll

VM Arguments:
jvm_args: -Dfile.encoding=UTF-8 
java_command: application.Main
java_class_path (initial): D:\java\jre\lib\resources.jar;D:\java\jre\lib\rt.jar;D:\java\jre\lib\jsse.jar;D:\java\jre\lib\jce.jar;D:\java\jre\lib\charsets.jar;D:\java\jre\lib\jfr.jar;D:\java\jre\lib\ext\access-bridge.jar;D:\java\jre\lib\ext\cldrdata.jar;D:\java\jre\lib\ext\dnsns.jar;D:\java\jre\lib\ext\jaccess.jar;D:\java\jre\lib\ext\jfxrt.jar;D:\java\jre\lib\ext\localedata.jar;D:\java\jre\lib\ext\nashorn.jar;D:\java\jre\lib\ext\sunec.jar;D:\java\jre\lib\ext\sunjce_provider.jar;D:\java\jre\lib\ext\sunmscapi.jar;D:\java\jre\lib\ext\sunpkcs11.jar;D:\java\jre\lib\ext\zipfs.jar;E:\ImageManager\bin;D:\eclipse\eclipse\plugins\org.eclipse.fx.ide.css.jfx8_3.3.0.201805280700.jar
Launcher Type: SUN_STANDARD

Environment Variables:
CLASSPATH=D:\java\lib;D:\java\lib\tools.jar
PATH=C:\WINDOWS\system32;C:\WINDOWS;C:\WINDOWS\System32\Wbem;C:\WINDOWS\System32\WindowsPowerShell\v1.0\;C:\WINDOWS\System32\OpenSSH\;D:\java\bin;D:\git\Git\cmd;D:\java\jre\bin;d:\quatus\quartus\bin;C:\Users\Administrator\AppData\Local\Microsoft\WindowsApps;"D:\java\bin;D:\java\jre\bin";
USERNAME=Administrator
OS=Windows_NT
PROCESSOR_IDENTIFIER=x86 Family 6 Model 69 Stepping 1, GenuineIntel



---------------  S Y S T E M  ---------------

OS: Windows 10.0 Build 17134 (10.0.17134.648)

CPU:total 4 (initial active 4) (2 cores per cpu, 2 threads per core) family 6 model 69 stepping 1, cmov, cx8, fxsr, mmx, sse, sse2, sse3, ssse3, sse4.1, sse4.2, popcnt, avx, avx2, aes, clmul, erms, lzcnt, ht, tsc, tscinvbit, bmi1, bmi2

Memory: 4k page, physical 3312260k(754812k free), swap 7398748k(1517408k free)

vm_info: Java HotSpot(TM) Client VM (25.181-b13) for windows-x86 JRE (1.8.0_181-b13), built on Jul  7 2018 03:18:20 by "java_re" with MS VC++ 10.0 (VS2010)

time: Tue Apr 09 19:18:48 2019
elapsed time: 328 seconds (0d 0h 5m 28s)

