#
# A fatal error has been detected by the Java Runtime Environment:
#
#  EXCEPTION_ACCESS_VIOLATION (0xc0000005) at pc=0x548855f7, pid=7640, tid=0x00003704
#
# JRE version: Java(TM) SE Runtime Environment (8.0_181-b13) (build 1.8.0_181-b13)
# Java VM: Java HotSpot(TM) Client VM (25.181-b13 mixed mode, sharing windows-x86 )
# Problematic frame:
# C  [glass.dll+0x155f7]
#
# Failed to write core dump. Minidumps are not enabled by default on client versions of Windows
#
# If you would like to submit a bug report, please visit:
#   http://bugreport.java.com/bugreport/crash.jsp
# The crash happened outside the Java Virtual Machine in native code.
# See problematic frame for where to report the bug.
#

---------------  T H R E A D  ---------------

Current thread (0x152fb800):  JavaThread "JavaFX Application Thread" [_thread_in_native, id=14084, stack(0x155f0000,0x15640000)]

siginfo: ExceptionCode=0xc0000005, reading address 0x00000008

Registers:
EAX=0x54894434, EBX=0x1563e7a0, ECX=0x1563e7a0, EDX=0x548931ac
ESP=0x1563e5b0, EBP=0x00000000, ESI=0x1563e7a0, EDI=0x00000000
EIP=0x548855f7, EFLAGS=0x00010297

Top of Stack: (sp=0x1563e5b0)
0x1563e5b0:   1563e7a0 00000401 54878b06 00110806
0x1563e5c0:   0045f938 00000000 00000401 548715df
0x1563e5d0:   00000401 1563e7a0 00000000 00110806
0x1563e5e0:   00000401 1563e614 00000001 76125307
0x1563e5f0:   00110806 00000401 1563e7a0 00000000
0x1563e600:   00000401 dcbaabcd 00000001 00110806
0x1563e610:   00000401 1563e700 7610185c 54871590
0x1563e620:   00110806 00000401 1563e7a0 00000000 

Instructions: (pc=0x548855f7)
0x548855d7:   c4 08 8b c6 8b 4d f4 64 89 0d 00 00 00 00 59 5f
0x548855e7:   5e 8b e5 5d c2 04 00 cc cc 56 8b f1 57 8b 7e 08
0x548855f7:   8b 47 08 85 c0 74 29 6a 00 68 c4 e1 89 54 68 28
0x54885607:   e1 89 54 6a 00 50 e8 b6 9c 00 00 83 c4 14 85 c0 


Register to memory mapping:

EAX=0x54894434 is an unknown value
EBX=0x1563e7a0 is pointing into the stack for thread: 0x152fb800
ECX=0x1563e7a0 is pointing into the stack for thread: 0x152fb800
EDX=0x548931ac is an unknown value
ESP=0x1563e5b0 is pointing into the stack for thread: 0x152fb800
EBP=0x00000000 is an unknown value
ESI=0x1563e7a0 is pointing into the stack for thread: 0x152fb800
EDI=0x00000000 is an unknown value


Stack: [0x155f0000,0x15640000],  sp=0x1563e5b0,  free space=313k
Native frames: (J=compiled Java code, j=interpreted, Vv=VM code, C=native code)
C  [glass.dll+0x155f7]

Java frames: (J=compiled Java code, j=interpreted, Vv=VM code)
j  com.sun.glass.ui.win.WinView._close(J)Z+0
j  com.sun.glass.ui.View.close()V+53
j  com.sun.glass.ui.Window.close()V+41
j  com.sun.glass.ui.win.WinWindow.close()V+8
j  com.sun.glass.ui.Application.terminate()V+75
j  com.sun.javafx.tk.quantum.QuantumToolkit.lambda$exit$405()Ljava/lang/Object;+5
j  com.sun.javafx.tk.quantum.QuantumToolkit$$Lambda$315.get()Ljava/lang/Object;+0
j  com.sun.javafx.tk.quantum.QuantumToolkit.runWithRenderLock(Ljava/util/function/Supplier;)Ljava/lang/Object;+7
j  com.sun.javafx.tk.quantum.QuantumToolkit.exit()V+26
j  com.sun.javafx.application.PlatformImpl.lambda$tkExit$177()V+3
j  com.sun.javafx.application.PlatformImpl$$Lambda$314.run()V+0
j  com.sun.javafx.application.PlatformImpl.lambda$runAndWait$174(Ljava/lang/Runnable;Ljava/util/concurrent/CountDownLatch;)V+1
j  com.sun.javafx.application.PlatformImpl$$Lambda$47.run()V+8
J 1884 C1 com.sun.javafx.application.PlatformImpl$$Lambda$49.run()Ljava/lang/Object; (8 bytes) @ 0x01eda5f8 [0x01eda5d0+0x28]
v  ~StubRoutines::call_stub
J 1547  java.security.AccessController.doPrivileged(Ljava/security/PrivilegedAction;Ljava/security/AccessControlContext;)Ljava/lang/Object; (0 bytes) @ 0x01e7e0c7 [0x01e7e060+0x67]
J 1881 C1 com.sun.javafx.application.PlatformImpl.lambda$runLater$173(Ljava/lang/Runnable;Ljava/security/AccessControlContext;)V (38 bytes) @ 0x01ed9e50 [0x01ed9df0+0x60]
J 1880 C1 com.sun.javafx.application.PlatformImpl$$Lambda$48.run()V (12 bytes) @ 0x01ed9bec [0x01ed9bc0+0x2c]
J 1726 C1 com.sun.glass.ui.InvokeLaterDispatcher$Future.run()V (91 bytes) @ 0x01eae870 [0x01eae840+0x30]
v  ~StubRoutines::call_stub
j  com.sun.glass.ui.win.WinApplication._runLoop(Ljava/lang/Runnable;)V+0
j  com.sun.glass.ui.win.WinApplication.lambda$null$147(ILjava/lang/Runnable;)V+8
j  com.sun.glass.ui.win.WinApplication$$Lambda$37.run()V+12
j  java.lang.Thread.run()V+11
v  ~StubRoutines::call_stub

---------------  P R O C E S S  ---------------

Java Threads: ( => current thread )
  0x15334000 JavaThread "Prism Font Disposer" daemon [_thread_blocked, id=13316, stack(0x2dd80000,0x2ddd0000)]
  0x15313c00 JavaThread "Thread-3" daemon [_thread_in_native, id=8520, stack(0x1bd20000,0x1bd70000)]
  0x15313400 JavaThread "JavaFX-Launcher" [_thread_blocked, id=1104, stack(0x1bd70000,0x1bdc0000)]
=>0x152fb800 JavaThread "JavaFX Application Thread" [_thread_in_native, id=14084, stack(0x155f0000,0x15640000)]
  0x152fb000 JavaThread "Thread-1" daemon [_thread_blocked, id=9192, stack(0x14ba0000,0x14bf0000)]
  0x152b0000 JavaThread "QuantumRenderer-0" daemon [_thread_blocked, id=6244, stack(0x13f20000,0x13f70000)]
  0x01b57c00 JavaThread "Service Thread" daemon [_thread_blocked, id=6352, stack(0x13e80000,0x13ed0000)]
  0x01b50800 JavaThread "C1 CompilerThread0" daemon [_thread_blocked, id=12504, stack(0x13e30000,0x13e80000)]
  0x01b4f800 JavaThread "Attach Listener" daemon [_thread_blocked, id=11500, stack(0x13de0000,0x13e30000)]
  0x01b6ac00 JavaThread "Signal Dispatcher" daemon [_thread_blocked, id=12628, stack(0x13d90000,0x13de0000)]
  0x01b33c00 JavaThread "Finalizer" daemon [_thread_blocked, id=2108, stack(0x13ce0000,0x13d30000)]
  0x01ad6000 JavaThread "Reference Handler" daemon [_thread_blocked, id=5480, stack(0x13c90000,0x13ce0000)]
  0x009fc800 JavaThread "main" [_thread_blocked, id=11628, stack(0x00960000,0x009b0000)]

Other Threads:
  0x01ad3400 VMThread [stack: 0x03bb0000,0x03c00000] [id=12220]
  0x01b94400 WatcherThread [stack: 0x13ed0000,0x13f20000] [id=1472]

VM state:not at safepoint (normal execution)

VM Mutex/Monitor currently owned by a thread: None

Heap:
 def new generation   total 32384K, used 1896K [0x03c00000, 0x05f20000, 0x09150000)
  eden space 28800K,   5% used [0x03c00000, 0x03d71c58, 0x05820000)
  from space 3584K,  11% used [0x05ba0000, 0x05c08668, 0x05f20000)
  to   space 3584K,   0% used [0x05820000, 0x05820000, 0x05ba0000)
 tenured generation   total 71880K, used 43329K [0x09150000, 0x0d782000, 0x13c00000)
   the space 71880K,  60% used [0x09150000, 0x0bba05a8, 0x0bba0600, 0x0d782000)
 Metaspace       used 8543K, capacity 10138K, committed 10240K, reserved 10624K

Card table byte_map: [0x13c00000,0x13c90000] byte_map_base: 0x13be2000

Polling page: 0x009b0000

CodeCache: size=32768Kb used=3395Kb max_used=3395Kb free=29372Kb
 bounds [0x01bb0000, 0x01f08000, 0x03bb0000]
 total_blobs=2437 nmethods=2012 adapters=355
 compilation: enabled

Compilation events (10 events):
Event: 25.670 Thread 0x01b50800 2036   !         com.sun.javafx.tk.quantum.QuantumToolkit::lambda$runToolkit$404 (16 bytes)
Event: 25.671 Thread 0x01b50800 nmethod 2036 0x01f00648 code [0x01f00770, 0x01f00894]
Event: 26.023 Thread 0x01b50800 2037             javafx.scene.Scene$TargetWrapper::fillHierarchy (63 bytes)
Event: 26.025 Thread 0x01b50800 nmethod 2037 0x01f009c8 code [0x01f00b00, 0x01f00cb0]
Event: 26.027 Thread 0x01b50800 2038             com.sun.javafx.geom.RectBounds::unionWith (82 bytes)
Event: 26.029 Thread 0x01b50800 nmethod 2038 0x01f00e48 code [0x01f00f70, 0x01f01160]
Event: 26.098 Thread 0x01b50800 2039             java.util.Collections$UnmodifiableList$1::next (10 bytes)
Event: 26.099 Thread 0x01b50800 nmethod 2039 0x01f01248 code [0x01f01350, 0x01f013ec]
Event: 26.099 Thread 0x01b50800 2040             javafx.scene.paint.Stop::equals (76 bytes)
Event: 26.099 Thread 0x01b50800 nmethod 2040 0x01f01448 code [0x01f01550, 0x01f016dc]

GC Heap History (10 events):
Event: 8.871 GC heap before
{Heap before GC invocations=15 (full 2):
 def new generation   total 16000K, used 9456K [0x03c00000, 0x04d50000, 0x09150000)
  eden space 14272K,  54% used [0x03c00000, 0x0438c2d0, 0x049f0000)
  from space 1728K, 100% used [0x04ba0000, 0x04d50000, 0x04d50000)
  to   space 1728K,   0% used [0x049f0000, 0x049f0000, 0x04ba0000)
 tenured generation   total 43520K, used 37521K [0x09150000, 0x0bbd0000, 0x13c00000)
   the space 43520K,  86% used [0x09150000, 0x0b5f45f0, 0x0b5f4600, 0x0bbd0000)
 Metaspace       used 7911K, capacity 9507K, committed 9600K, reserved 9600K
Event: 8.877 GC heap after
Heap after GC invocations=16 (full 2):
 def new generation   total 16000K, used 704K [0x03c00000, 0x04d50000, 0x09150000)
  eden space 14272K,   0% used [0x03c00000, 0x03c00000, 0x049f0000)
  from space 1728K,  40% used [0x049f0000, 0x04aa0150, 0x04ba0000)
  to   space 1728K,   0% used [0x04ba0000, 0x04ba0000, 0x04d50000)
 tenured generation   total 43520K, used 38995K [0x09150000, 0x0bbd0000, 0x13c00000)
   the space 43520K,  89% used [0x09150000, 0x0b764cb0, 0x0b764e00, 0x0bbd0000)
 Metaspace       used 7911K, capacity 9507K, committed 9600K, reserved 9600K
}
Event: 8.991 GC heap before
{Heap before GC invocations=16 (full 2):
 def new generation   total 16000K, used 9673K [0x03c00000, 0x04d50000, 0x09150000)
  eden space 14272K,  62% used [0x03c00000, 0x044c2470, 0x049f0000)
  from space 1728K,  40% used [0x049f0000, 0x04aa0150, 0x04ba0000)
  to   space 1728K,   0% used [0x04ba0000, 0x04ba0000, 0x04d50000)
 tenured generation   total 49596K, used 45070K [0x09150000, 0x0c1bf000, 0x13c00000)
   the space 49596K,  90% used [0x09150000, 0x0bd538c0, 0x0bd53a00, 0x0c1bf000)
 Metaspace       used 7911K, capacity 9507K, committed 9600K, reserved 9600K
Event: 9.000 GC heap after
Heap after GC invocations=17 (full 2):
 def new generation   total 16000K, used 317K [0x03c00000, 0x04d50000, 0x09150000)
  eden space 14272K,   0% used [0x03c00000, 0x03c00000, 0x049f0000)
  from space 1728K,  18% used [0x04ba0000, 0x04bef5d0, 0x04d50000)
  to   space 1728K,   0% used [0x049f0000, 0x049f0000, 0x04ba0000)
 tenured generation   total 57700K, used 53170K [0x09150000, 0x0c9a9000, 0x13c00000)
   the space 57700K,  92% used [0x09150000, 0x0c53c8d0, 0x0c53ca00, 0x0c9a9000)
 Metaspace       used 7911K, capacity 9507K, committed 9600K, reserved 9600K
}
Event: 9.193 GC heap before
{Heap before GC invocations=17 (full 2):
 def new generation   total 16000K, used 9245K [0x03c00000, 0x04d50000, 0x09150000)
  eden space 14272K,  62% used [0x03c00000, 0x044b8158, 0x049f0000)
  from space 1728K,  18% used [0x04ba0000, 0x04bef5d0, 0x04d50000)
  to   space 1728K,   0% used [0x049f0000, 0x049f0000, 0x04ba0000)
 tenured generation   total 63776K, used 59245K [0x09150000, 0x0cf98000, 0x13c00000)
   the space 63776K,  92% used [0x09150000, 0x0cb2b4e0, 0x0cb2b600, 0x0cf98000)
 Metaspace       used 7911K, capacity 9507K, committed 9600K, reserved 9600K
Event: 9.202 GC heap after
Heap after GC invocations=18 (full 2):
 def new generation   total 16000K, used 433K [0x03c00000, 0x04d50000, 0x09150000)
  eden space 14272K,   0% used [0x03c00000, 0x03c00000, 0x049f0000)
  from space 1728K,  25% used [0x049f0000, 0x04a5c530, 0x04ba0000)
  to   space 1728K,   0% used [0x04ba0000, 0x04ba0000, 0x04d50000)
 tenured generation   total 71880K, used 67345K [0x09150000, 0x0d782000, 0x13c00000)
   the space 71880K,  93% used [0x09150000, 0x0d3144f0, 0x0d314600, 0x0d782000)
 Metaspace       used 7911K, capacity 9507K, committed 9600K, reserved 9600K
}
Event: 12.060 GC heap before
{Heap before GC invocations=18 (full 2):
 def new generation   total 16000K, used 12935K [0x03c00000, 0x04d50000, 0x09150000)
  eden space 14272K,  87% used [0x03c00000, 0x04835950, 0x049f0000)
  from space 1728K,  25% used [0x049f0000, 0x04a5c530, 0x04ba0000)
  to   space 1728K,   0% used [0x04ba0000, 0x04ba0000, 0x04d50000)
 tenured generation   total 71880K, used 67345K [0x09150000, 0x0d782000, 0x13c00000)
   the space 71880K,  93% used [0x09150000, 0x0d3144f0, 0x0d314600, 0x0d782000)
 Metaspace       used 7922K, capacity 9517K, committed 9600K, reserved 9600K
Event: 12.096 GC heap after
Heap after GC invocations=19 (full 3):
 def new generation   total 32384K, used 0K [0x03c00000, 0x05f20000, 0x09150000)
  eden space 28800K,   0% used [0x03c00000, 0x03c00000, 0x05820000)
  from space 3584K,   0% used [0x05820000, 0x05820000, 0x05ba0000)
  to   space 3584K,   0% used [0x05ba0000, 0x05ba0000, 0x05f20000)
 tenured generation   total 71880K, used 28816K [0x09150000, 0x0d782000, 0x13c00000)
   the space 71880K,  40% used [0x09150000, 0x0ad74398, 0x0ad74400, 0x0d782000)
 Metaspace       used 7909K, capacity 9482K, committed 9600K, reserved 9600K
}
Event: 20.128 GC heap before
{Heap before GC invocations=19 (full 3):
 def new generation   total 32384K, used 28800K [0x03c00000, 0x05f20000, 0x09150000)
  eden space 28800K, 100% used [0x03c00000, 0x05820000, 0x05820000)
  from space 3584K,   0% used [0x05820000, 0x05820000, 0x05ba0000)
  to   space 3584K,   0% used [0x05ba0000, 0x05ba0000, 0x05f20000)
 tenured generation   total 71880K, used 28816K [0x09150000, 0x0d782000, 0x13c00000)
   the space 71880K,  40% used [0x09150000, 0x0ad74398, 0x0ad74400, 0x0d782000)
 Metaspace       used 8533K, capacity 10125K, committed 10240K, reserved 10624K
Event: 20.144 GC heap after
Heap after GC invocations=20 (full 3):
 def new generation   total 32384K, used 417K [0x03c00000, 0x05f20000, 0x09150000)
  eden space 28800K,   0% used [0x03c00000, 0x03c00000, 0x05820000)
  from space 3584K,  11% used [0x05ba0000, 0x05c08668, 0x05f20000)
  to   space 3584K,   0% used [0x05820000, 0x05820000, 0x05ba0000)
 tenured generation   total 71880K, used 43329K [0x09150000, 0x0d782000, 0x13c00000)
   the space 71880K,  60% used [0x09150000, 0x0bba05a8, 0x0bba0600, 0x0d782000)
 Metaspace       used 8533K, capacity 10125K, committed 10240K, reserved 10624K
}

Deoptimization events (0 events):
No events

Classes redefined (0 events):
No events

Internal exceptions (10 events):
Event: 11.180 Thread 0x152b0000 Exception <a 'java/lang/ArrayIndexOutOfBoundsException'> (0x04723270) thrown at [C:\workspace\8-2-build-windows-i586-cygwin\jdk8u181\11358\hotspot\src\share\vm\runtime\sharedRuntime.cpp, line 605]
Event: 11.180 Thread 0x152b0000 Exception <a 'java/lang/ArrayIndexOutOfBoundsException'> (0x04723490) thrown at [C:\workspace\8-2-build-windows-i586-cygwin\jdk8u181\11358\hotspot\src\share\vm\runtime\sharedRuntime.cpp, line 605]
Event: 11.304 Thread 0x152b0000 Exception <a 'java/lang/ArrayIndexOutOfBoundsException'> (0x047261d0) thrown at [C:\workspace\8-2-build-windows-i586-cygwin\jdk8u181\11358\hotspot\src\share\vm\runtime\sharedRuntime.cpp, line 605]
Event: 11.304 Thread 0x152b0000 Exception <a 'java/lang/ArrayIndexOutOfBoundsException'> (0x047263f0) thrown at [C:\workspace\8-2-build-windows-i586-cygwin\jdk8u181\11358\hotspot\src\share\vm\runtime\sharedRuntime.cpp, line 605]
Event: 11.305 Thread 0x152b0000 Exception <a 'java/lang/ArrayIndexOutOfBoundsException'> (0x04726718) thrown at [C:\workspace\8-2-build-windows-i586-cygwin\jdk8u181\11358\hotspot\src\share\vm\runtime\sharedRuntime.cpp, line 605]
Event: 11.352 Thread 0x152b0000 Exception <a 'java/lang/ArrayIndexOutOfBoundsException'> (0x0477bf98) thrown at [C:\workspace\8-2-build-windows-i586-cygwin\jdk8u181\11358\hotspot\src\share\vm\runtime\sharedRuntime.cpp, line 605]
Event: 11.352 Thread 0x152b0000 Exception <a 'java/lang/ArrayIndexOutOfBoundsException'> (0x0477c1b8) thrown at [C:\workspace\8-2-build-windows-i586-cygwin\jdk8u181\11358\hotspot\src\share\vm\runtime\sharedRuntime.cpp, line 605]
Event: 11.648 Thread 0x152b0000 Exception <a 'java/lang/ArrayIndexOutOfBoundsException'> (0x04782138) thrown at [C:\workspace\8-2-build-windows-i586-cygwin\jdk8u181\11358\hotspot\src\share\vm\runtime\sharedRuntime.cpp, line 605]
Event: 12.173 Thread 0x152b0000 Exception <a 'java/lang/ArrayIndexOutOfBoundsException'> (0x04d73a78) thrown at [C:\workspace\8-2-build-windows-i586-cygwin\jdk8u181\11358\hotspot\src\share\vm\runtime\sharedRuntime.cpp, line 605]
Event: 12.173 Thread 0x152b0000 Exception <a 'java/lang/ArrayIndexOutOfBoundsException'> (0x04d73c98) thrown at [C:\workspace\8-2-build-windows-i586-cygwin\jdk8u181\11358\hotspot\src\share\vm\runtime\sharedRuntime.cpp, line 605]

Events (10 events):
Event: 25.852 loading class com/sun/javafx/tk/quantum/GlassViewEventHandler
Event: 25.852 loading class com/sun/javafx/tk/quantum/GlassViewEventHandler done
Event: 25.852 loading class com/sun/javafx/scene/input/KeyCodeMap
Event: 25.853 loading class com/sun/javafx/scene/input/KeyCodeMap done
Event: 81.300 loading class java/util/concurrent/CopyOnWriteArrayList$COWIterator
Event: 81.300 loading class java/util/concurrent/CopyOnWriteArrayList$COWIterator done
Event: 81.300 loading class javafx/application/Application
Event: 81.300 loading class javafx/application/Application done
Event: 81.301 loading class javafx/application/Application
Event: 81.301 loading class javafx/application/Application done


Dynamic libraries:
0x00e60000 - 0x00e93000 	D:\java\bin\javaw.exe
0x77a10000 - 0x77b9f000 	C:\WINDOWS\SYSTEM32\ntdll.dll
0x76590000 - 0x76628000 	C:\WINDOWS\System32\KERNEL32.DLL
0x74730000 - 0x74916000 	C:\WINDOWS\System32\KERNELBASE.dll
0x76070000 - 0x760e8000 	C:\WINDOWS\System32\ADVAPI32.dll
0x76470000 - 0x7652f000 	C:\WINDOWS\System32\msvcrt.dll
0x75fc0000 - 0x76004000 	C:\WINDOWS\System32\sechost.dll
0x75e60000 - 0x75f27000 	C:\WINDOWS\System32\RPCRT4.dll
0x760f0000 - 0x76264000 	C:\WINDOWS\System32\USER32.dll
0x75100000 - 0x7511b000 	C:\WINDOWS\System32\win32u.dll
0x779d0000 - 0x779f2000 	C:\WINDOWS\System32\GDI32.dll
0x74f90000 - 0x750f7000 	C:\WINDOWS\System32\gdi32full.dll
0x75240000 - 0x752bd000 	C:\WINDOWS\System32\msvcp_win.dll
0x75120000 - 0x7523d000 	C:\WINDOWS\System32\ucrtbase.dll
0x6e590000 - 0x6e794000 	C:\WINDOWS\WinSxS\x86_microsoft.windows.common-controls_6595b64144ccf1df_6.0.17134.648_none_42f2d7c044decfd8\COMCTL32.dll
0x75750000 - 0x759ac000 	C:\WINDOWS\System32\combase.dll
0x74f30000 - 0x74f88000 	C:\WINDOWS\System32\bcryptPrimitives.dll
0x75450000 - 0x75476000 	C:\WINDOWS\System32\IMM32.DLL
0x54ac0000 - 0x54b7f000 	D:\java\jre\bin\msvcr100.dll
0x6c470000 - 0x6c843000 	D:\java\jre\bin\client\jvm.dll
0x77a00000 - 0x77a06000 	C:\WINDOWS\System32\PSAPI.DLL
0x65d40000 - 0x65d48000 	C:\WINDOWS\SYSTEM32\WSOCK32.dll
0x71910000 - 0x71934000 	C:\WINDOWS\SYSTEM32\WINMM.dll
0x75df0000 - 0x75e57000 	C:\WINDOWS\System32\WS2_32.dll
0x70440000 - 0x70448000 	C:\WINDOWS\SYSTEM32\VERSION.dll
0x718e0000 - 0x71903000 	C:\WINDOWS\SYSTEM32\WINMMBASE.dll
0x744c0000 - 0x744f9000 	C:\WINDOWS\System32\cfgmgr32.dll
0x719d0000 - 0x719dc000 	D:\java\jre\bin\verify.dll
0x61f50000 - 0x61f72000 	D:\java\jre\bin\java.dll
0x6d090000 - 0x6d0a4000 	D:\java\jre\bin\zip.dll
0x76680000 - 0x779ca000 	C:\WINDOWS\System32\SHELL32.dll
0x75f30000 - 0x75fb8000 	C:\WINDOWS\System32\shcore.dll
0x74970000 - 0x74f2a000 	C:\WINDOWS\System32\windows.storage.dll
0x76630000 - 0x76675000 	C:\WINDOWS\System32\shlwapi.dll
0x74490000 - 0x7449f000 	C:\WINDOWS\System32\kernel.appcore.dll
0x744a0000 - 0x744b8000 	C:\WINDOWS\System32\profapi.dll
0x74440000 - 0x74485000 	C:\WINDOWS\System32\powrprof.dll
0x74430000 - 0x74438000 	C:\WINDOWS\System32\FLTLIB.DLL
0x72520000 - 0x72523000 	D:\java\jre\bin\api-ms-win-core-console-l1-1-0.dll
0x71290000 - 0x71293000 	D:\java\jre\bin\api-ms-win-core-datetime-l1-1-0.dll
0x71280000 - 0x71283000 	D:\java\jre\bin\api-ms-win-core-debug-l1-1-0.dll
0x71270000 - 0x71273000 	D:\java\jre\bin\api-ms-win-core-errorhandling-l1-1-0.dll
0x67fe0000 - 0x67fe4000 	D:\java\jre\bin\api-ms-win-core-file-l1-1-0.dll
0x67fb0000 - 0x67fb3000 	D:\java\jre\bin\api-ms-win-core-file-l1-2-0.dll
0x67f90000 - 0x67f93000 	D:\java\jre\bin\api-ms-win-core-file-l2-1-0.dll
0x67f10000 - 0x67f13000 	D:\java\jre\bin\api-ms-win-core-handle-l1-1-0.dll
0x67f00000 - 0x67f03000 	D:\java\jre\bin\api-ms-win-core-heap-l1-1-0.dll
0x67ef0000 - 0x67ef3000 	D:\java\jre\bin\api-ms-win-core-interlocked-l1-1-0.dll
0x67ee0000 - 0x67ee3000 	D:\java\jre\bin\api-ms-win-core-libraryloader-l1-1-0.dll
0x64840000 - 0x64843000 	D:\java\jre\bin\api-ms-win-core-localization-l1-2-0.dll
0x64830000 - 0x64833000 	D:\java\jre\bin\api-ms-win-core-memory-l1-1-0.dll
0x64820000 - 0x64823000 	D:\java\jre\bin\api-ms-win-core-namedpipe-l1-1-0.dll
0x64810000 - 0x64813000 	D:\java\jre\bin\api-ms-win-core-processenvironment-l1-1-0.dll
0x61ef0000 - 0x61ef3000 	D:\java\jre\bin\api-ms-win-core-processthreads-l1-1-0.dll
0x602f0000 - 0x602f3000 	D:\java\jre\bin\api-ms-win-core-processthreads-l1-1-1.dll
0x5edf0000 - 0x5edf3000 	D:\java\jre\bin\api-ms-win-core-profile-l1-1-0.dll
0x5ea80000 - 0x5ea83000 	D:\java\jre\bin\api-ms-win-core-rtlsupport-l1-1-0.dll
0x5e640000 - 0x5e643000 	D:\java\jre\bin\api-ms-win-core-string-l1-1-0.dll
0x5e3d0000 - 0x5e3d3000 	D:\java\jre\bin\api-ms-win-core-synch-l1-1-0.dll
0x5e280000 - 0x5e283000 	D:\java\jre\bin\api-ms-win-core-synch-l1-2-0.dll
0x5dfc0000 - 0x5dfc3000 	D:\java\jre\bin\api-ms-win-core-sysinfo-l1-1-0.dll
0x5ce70000 - 0x5ce73000 	D:\java\jre\bin\api-ms-win-core-timezone-l1-1-0.dll
0x5cc20000 - 0x5cc23000 	D:\java\jre\bin\api-ms-win-core-util-l1-1-0.dll
0x5c9b0000 - 0x5c9b3000 	D:\java\jre\bin\api-ms-win-crt-conio-l1-1-0.dll
0x5c980000 - 0x5c984000 	D:\java\jre\bin\api-ms-win-crt-convert-l1-1-0.dll
0x5c940000 - 0x5c943000 	D:\java\jre\bin\api-ms-win-crt-environment-l1-1-0.dll
0x5c8f0000 - 0x5c8f3000 	D:\java\jre\bin\api-ms-win-crt-filesystem-l1-1-0.dll
0x5c310000 - 0x5c313000 	D:\java\jre\bin\api-ms-win-crt-heap-l1-1-0.dll
0x5c110000 - 0x5c113000 	D:\java\jre\bin\api-ms-win-crt-locale-l1-1-0.dll
0x5b2f0000 - 0x5b2f5000 	D:\java\jre\bin\api-ms-win-crt-math-l1-1-0.dll
0x5ace0000 - 0x5ace5000 	D:\java\jre\bin\api-ms-win-crt-multibyte-l1-1-0.dll
0x5ac40000 - 0x5ac50000 	D:\java\jre\bin\api-ms-win-crt-private-l1-1-0.dll
0x593b0000 - 0x593b3000 	D:\java\jre\bin\api-ms-win-crt-process-l1-1-0.dll
0x593a0000 - 0x593a4000 	D:\java\jre\bin\api-ms-win-crt-runtime-l1-1-0.dll
0x59390000 - 0x59394000 	D:\java\jre\bin\api-ms-win-crt-stdio-l1-1-0.dll
0x59330000 - 0x59334000 	D:\java\jre\bin\api-ms-win-crt-string-l1-1-0.dll
0x59320000 - 0x59323000 	D:\java\jre\bin\api-ms-win-crt-time-l1-1-0.dll
0x592e0000 - 0x592e3000 	D:\java\jre\bin\api-ms-win-crt-utility-l1-1-0.dll
0x14a80000 - 0x14b98000 	D:\java\jre\bin\ucrtbase.dll
0x592c0000 - 0x592d4000 	D:\java\jre\bin\vcruntime140.dll
0x53170000 - 0x531dc000 	D:\java\jre\bin\msvcp140.dll
0x59160000 - 0x5919b000 	D:\java\jre\bin\concrt140.dll
0x59140000 - 0x5915f000 	D:\java\jre\bin\prism_d3d.dll
0x153c0000 - 0x1552f000 	C:\WINDOWS\system32\d3d9.dll
0x73260000 - 0x73283000 	C:\WINDOWS\SYSTEM32\dwmapi.dll
0x72dc0000 - 0x72e3c000 	C:\WINDOWS\system32\uxtheme.dll
0x15a10000 - 0x17c11000 	C:\WINDOWS\SYSTEM32\igdumdim32.dll
0x759b0000 - 0x75ddb000 	C:\WINDOWS\System32\SETUPAPI.dll
0x76270000 - 0x76306000 	C:\WINDOWS\System32\OLEAUT32.dll
0x75560000 - 0x7565c000 	C:\WINDOWS\System32\ole32.dll
0x54870000 - 0x548a8000 	D:\java\jre\bin\glass.dll
0x75480000 - 0x75556000 	C:\WINDOWS\System32\COMDLG32.dll
0x76310000 - 0x76453000 	C:\WINDOWS\System32\MSCTF.dll
0x6aed0000 - 0x6b76b000 	C:\WINDOWS\SYSTEM32\igdusc32.dll
0x592b0000 - 0x592c0000 	D:\java\jre\bin\javafx_font.dll
0x68230000 - 0x684b8000 	C:\WINDOWS\SYSTEM32\dwrite.dll
0x6d020000 - 0x6d035000 	D:\java\jre\bin\net.dll
0x73db0000 - 0x73e08000 	C:\WINDOWS\system32\mswsock.dll
0x70a60000 - 0x70a6f000 	D:\java\jre\bin\nio.dll
0x57010000 - 0x57031000 	D:\java\jre\bin\javafx_iio.dll
0x75660000 - 0x756e3000 	C:\WINDOWS\System32\clbcatq.dll
0x6d4c0000 - 0x6d631000 	C:\WINDOWS\SYSTEM32\WindowsCodecs.dll
0x60da0000 - 0x60def000 	C:\WINDOWS\system32\dataexchange.dll
0x71fc0000 - 0x72212000 	C:\WINDOWS\system32\d3d11.dll
0x72940000 - 0x72a7c000 	C:\WINDOWS\system32\dcomp.dll
0x734d0000 - 0x73568000 	C:\WINDOWS\system32\dxgi.dll
0x72ff0000 - 0x73155000 	C:\WINDOWS\system32\twinapi.appcore.dll
0x73160000 - 0x73181000 	C:\WINDOWS\system32\RMCLIENT.dll
0x56000000 - 0x56025000 	C:\Program Files\Common Files\Microsoft Shared\Ink\rtscom.dll
0x6f8a0000 - 0x6f91d000 	C:\WINDOWS\System32\TextInputFramework.dll
0x72a80000 - 0x72b26000 	C:\WINDOWS\System32\CoreMessaging.dll
0x6d100000 - 0x6d35d000 	C:\WINDOWS\System32\CoreUIComponents.dll
0x73770000 - 0x73799000 	C:\WINDOWS\SYSTEM32\ntmarta.dll
0x715f0000 - 0x716c6000 	C:\WINDOWS\SYSTEM32\wintypes.dll
0x580c0000 - 0x580cf000 	D:\java\jre\bin\prism_common.dll
0x71aa0000 - 0x71fb4000 	C:\WINDOWS\SYSTEM32\d2d1.dll
0x2f570000 - 0x2faf6000 	C:\WINDOWS\SYSTEM32\D3D10Warp.dll
0x65050000 - 0x651d2000 	C:\WINDOWS\SYSTEM32\dbghelp.dll

VM Arguments:
jvm_args: -Dfile.encoding=UTF-8 
java_command: application.Main
java_class_path (initial): D:\java\jre\lib\resources.jar;D:\java\jre\lib\rt.jar;D:\java\jre\lib\jsse.jar;D:\java\jre\lib\jce.jar;D:\java\jre\lib\charsets.jar;D:\java\jre\lib\jfr.jar;D:\java\jre\lib\ext\access-bridge.jar;D:\java\jre\lib\ext\cldrdata.jar;D:\java\jre\lib\ext\dnsns.jar;D:\java\jre\lib\ext\jaccess.jar;D:\java\jre\lib\ext\jfxrt.jar;D:\java\jre\lib\ext\localedata.jar;D:\java\jre\lib\ext\nashorn.jar;D:\java\jre\lib\ext\sunec.jar;D:\java\jre\lib\ext\sunjce_provider.jar;D:\java\jre\lib\ext\sunmscapi.jar;D:\java\jre\lib\ext\sunpkcs11.jar;D:\java\jre\lib\ext\zipfs.jar;E:\ImageManager\bin;D:\eclipse\eclipse\plugins\org.eclipse.fx.ide.css.jfx8_3.3.0.201805280700.jar
Launcher Type: SUN_STANDARD

Environment Variables:
CLASSPATH=D:\java\lib;D:\java\lib\tools.jar
PATH=C:\WINDOWS\system32;C:\WINDOWS;C:\WINDOWS\System32\Wbem;C:\WINDOWS\System32\WindowsPowerShell\v1.0\;C:\WINDOWS\System32\OpenSSH\;D:\java\bin;D:\git\Git\cmd;D:\java\jre\bin;d:\quatus\quartus\bin;C:\Users\Administrator\AppData\Local\Microsoft\WindowsApps;"D:\java\bin;D:\java\jre\bin";
USERNAME=Administrator
OS=Windows_NT
PROCESSOR_IDENTIFIER=x86 Family 6 Model 69 Stepping 1, GenuineIntel



---------------  S Y S T E M  ---------------

OS: Windows 10.0 Build 17134 (10.0.17134.648)

CPU:total 4 (initial active 4) (2 cores per cpu, 2 threads per core) family 6 model 69 stepping 1, cmov, cx8, fxsr, mmx, sse, sse2, sse3, ssse3, sse4.1, sse4.2, popcnt, avx, avx2, aes, clmul, erms, lzcnt, ht, tsc, tscinvbit, bmi1, bmi2

Memory: 4k page, physical 3312260k(919032k free), swap 7398348k(2425328k free)

vm_info: Java HotSpot(TM) Client VM (25.181-b13) for windows-x86 JRE (1.8.0_181-b13), built on Jul  7 2018 03:18:20 by "java_re" with MS VC++ 10.0 (VS2010)

time: Wed Apr 10 16:43:00 2019
elapsed time: 81 seconds (0d 0h 1m 21s)

