#
# A fatal error has been detected by the Java Runtime Environment:
#
#  EXCEPTION_ACCESS_VIOLATION (0xc0000005) at pc=0x67e555f7, pid=1456, tid=0x000035f4
#
# JRE version: Java(TM) SE Runtime Environment (8.0_181-b13) (build 1.8.0_181-b13)
# Java VM: Java HotSpot(TM) Client VM (25.181-b13 mixed mode windows-x86 )
# Problematic frame:
# C  [glass.dll+0x155f7]
#
# Failed to write core dump. Minidumps are not enabled by default on client versions of Windows
#
# If you would like to submit a bug report, please visit:
#   http://bugreport.java.com/bugreport/crash.jsp
# The crash happened outside the Java Virtual Machine in native code.
# See problematic frame for where to report the bug.
#

---------------  T H R E A D  ---------------

Current thread (0x1524e800):  JavaThread "JavaFX Application Thread" [_thread_in_native, id=13812, stack(0x17990000,0x179e0000)]

siginfo: ExceptionCode=0xc0000005, reading address 0x00000008

Registers:
EAX=0x67e64434, EBX=0x179de8f0, ECX=0x179de8f0, EDX=0x67e631ac
ESP=0x179de700, EBP=0x00000000, ESI=0x179de8f0, EDI=0x00000000
EIP=0x67e555f7, EFLAGS=0x00010297

Top of Stack: (sp=0x179de700)
0x179de700:   179de8f0 00000401 67e48b06 004907e4
0x179de710:   00e067f0 00000000 00000401 67e415df
0x179de720:   00000401 179de8f0 00000000 004907e4
0x179de730:   00000401 179de764 00000001 76125307
0x179de740:   004907e4 00000401 179de8f0 00000000
0x179de750:   00000401 dcbaabcd 00000001 004907e4
0x179de760:   00000401 179de850 7610185c 67e41590
0x179de770:   004907e4 00000401 179de8f0 00000000 

Instructions: (pc=0x67e555f7)
0x67e555d7:   c4 08 8b c6 8b 4d f4 64 89 0d 00 00 00 00 59 5f
0x67e555e7:   5e 8b e5 5d c2 04 00 cc cc 56 8b f1 57 8b 7e 08
0x67e555f7:   8b 47 08 85 c0 74 29 6a 00 68 c4 e1 e6 67 68 28
0x67e55607:   e1 e6 67 6a 00 50 e8 b6 9c 00 00 83 c4 14 85 c0 


Register to memory mapping:

EAX=0x67e64434 is an unknown value
EBX=0x179de8f0 is pointing into the stack for thread: 0x1524e800
ECX=0x179de8f0 is pointing into the stack for thread: 0x1524e800
EDX=0x67e631ac is an unknown value
ESP=0x179de700 is pointing into the stack for thread: 0x1524e800
EBP=0x00000000 is an unknown value
ESI=0x179de8f0 is pointing into the stack for thread: 0x1524e800
EDI=0x00000000 is an unknown value


Stack: [0x17990000,0x179e0000],  sp=0x179de700,  free space=313k
Native frames: (J=compiled Java code, j=interpreted, Vv=VM code, C=native code)
C  [glass.dll+0x155f7]

Java frames: (J=compiled Java code, j=interpreted, Vv=VM code)
j  com.sun.glass.ui.win.WinView._close(J)Z+0
j  com.sun.glass.ui.View.close()V+53
j  com.sun.glass.ui.Window.close()V+41
j  com.sun.glass.ui.win.WinWindow.close()V+8
j  com.sun.glass.ui.Application.terminate()V+75
j  com.sun.javafx.tk.quantum.QuantumToolkit.lambda$exit$405()Ljava/lang/Object;+5
j  com.sun.javafx.tk.quantum.QuantumToolkit$$Lambda$316.get()Ljava/lang/Object;+0
j  com.sun.javafx.tk.quantum.QuantumToolkit.runWithRenderLock(Ljava/util/function/Supplier;)Ljava/lang/Object;+7
j  com.sun.javafx.tk.quantum.QuantumToolkit.exit()V+26
j  com.sun.javafx.application.PlatformImpl.lambda$tkExit$177()V+3
j  com.sun.javafx.application.PlatformImpl$$Lambda$315.run()V+0
j  com.sun.javafx.application.PlatformImpl.lambda$runAndWait$174(Ljava/lang/Runnable;Ljava/util/concurrent/CountDownLatch;)V+1
j  com.sun.javafx.application.PlatformImpl$$Lambda$46.run()V+8
j  com.sun.javafx.application.PlatformImpl.lambda$null$172(Ljava/lang/Runnable;)Ljava/lang/Void;+1
j  com.sun.javafx.application.PlatformImpl$$Lambda$49.run()Ljava/lang/Object;+4
v  ~StubRoutines::call_stub
J 1648  java.security.AccessController.doPrivileged(Ljava/security/PrivilegedAction;Ljava/security/AccessControlContext;)Ljava/lang/Object; (0 bytes) @ 0x02557587 [0x02557520+0x67]
j  com.sun.javafx.application.PlatformImpl.lambda$runLater$173(Ljava/lang/Runnable;Ljava/security/AccessControlContext;)V+7
J 2139 C1 com.sun.javafx.application.PlatformImpl$$Lambda$48.run()V (12 bytes) @ 0x025d73b0 [0x025d7380+0x30]
J 1968 C1 com.sun.glass.ui.InvokeLaterDispatcher$Future.run()V (91 bytes) @ 0x025aa740 [0x025aa710+0x30]
v  ~StubRoutines::call_stub
j  com.sun.glass.ui.win.WinApplication._runLoop(Ljava/lang/Runnable;)V+0
j  com.sun.glass.ui.win.WinApplication.lambda$null$147(ILjava/lang/Runnable;)V+8
j  com.sun.glass.ui.win.WinApplication$$Lambda$37.run()V+12
j  java.lang.Thread.run()V+11
v  ~StubRoutines::call_stub

---------------  P R O C E S S  ---------------

Java Threads: ( => current thread )
  0x1524f400 JavaThread "Prism Font Disposer" daemon [_thread_blocked, id=7228, stack(0x2e480000,0x2e4d0000)]
  0x1bda1800 JavaThread "Thread-3" daemon [_thread_in_native, id=2208, stack(0x1c590000,0x1c5e0000)]
  0x14eac000 JavaThread "JavaFX-Launcher" [_thread_blocked, id=6624, stack(0x1c5e0000,0x1c630000)]
=>0x1524e800 JavaThread "JavaFX Application Thread" [_thread_in_native, id=13812, stack(0x17990000,0x179e0000)]
  0x15245800 JavaThread "Thread-1" daemon [_thread_blocked, id=9704, stack(0x17940000,0x17990000)]
  0x1520c400 JavaThread "QuantumRenderer-0" daemon [_thread_blocked, id=1220, stack(0x154a0000,0x154f0000)]
  0x14871400 JavaThread "Service Thread" daemon [_thread_blocked, id=7532, stack(0x14de0000,0x14e30000)]
  0x147cbc00 JavaThread "C1 CompilerThread0" daemon [_thread_blocked, id=5768, stack(0x14d90000,0x14de0000)]
  0x14784c00 JavaThread "JDWP Command Reader" daemon [_thread_in_native, id=9712, stack(0x14d40000,0x14d90000)]
  0x14781c00 JavaThread "JDWP Event Helper Thread" daemon [_thread_blocked, id=12752, stack(0x14cf0000,0x14d40000)]
  0x1477f400 JavaThread "JDWP Transport Listener: dt_socket" daemon [_thread_blocked, id=14080, stack(0x14ca0000,0x14cf0000)]
  0x14747800 JavaThread "Attach Listener" daemon [_thread_blocked, id=10420, stack(0x14a60000,0x14ab0000)]
  0x14746000 JavaThread "Signal Dispatcher" daemon [_thread_blocked, id=9588, stack(0x14a10000,0x14a60000)]
  0x1472b000 JavaThread "Finalizer" daemon [_thread_blocked, id=4648, stack(0x14960000,0x149b0000)]
  0x14715400 JavaThread "Reference Handler" daemon [_thread_blocked, id=9740, stack(0x14910000,0x14960000)]
  0x020fd000 JavaThread "main" [_thread_blocked, id=844, stack(0x00950000,0x009a0000)]

Other Threads:
  0x021fd000 VMThread [stack: 0x146c0000,0x14710000] [id=11916]
  0x1489ac00 WatcherThread [stack: 0x14e30000,0x14e80000] [id=13632]

VM state:not at safepoint (normal execution)

VM Mutex/Monitor currently owned by a thread: None

Heap:
 def new generation   total 33216K, used 16141K [0x04200000, 0x06600000, 0x09750000)
  eden space 29568K,  54% used [0x04200000, 0x051c3758, 0x05ee0000)
  from space 3648K,   0% used [0x05ee0000, 0x05ee0000, 0x06270000)
  to   space 3648K,   0% used [0x06270000, 0x06270000, 0x06600000)
 tenured generation   total 73680K, used 31836K [0x09750000, 0x0df44000, 0x14200000)
   the space 73680K,  43% used [0x09750000, 0x0b667088, 0x0b667200, 0x0df44000)
 Metaspace       used 12901K, capacity 13627K, committed 13696K, reserved 13696K

Card table byte_map: [0x02030000,0x020c0000] byte_map_base: 0x0200f000

Polling page: 0x009b0000

CodeCache: size=32768Kb used=3933Kb max_used=3933Kb free=28834Kb
 bounds [0x02200000, 0x025d8000, 0x04200000]
 total_blobs=2534 nmethods=2114 adapters=356
 compilation: enabled

Compilation events (10 events):
Event: 41.847 Thread 0x147cbc00 2140             com.sun.javafx.application.PlatformImpl$$Lambda$49/26262263::get$Lambda (9 bytes)
Event: 41.847 Thread 0x147cbc00 nmethod 2140 0x025d7488 code [0x025d7580, 0x025d7640]
Event: 41.847 Thread 0x147cbc00 2141             com.sun.javafx.application.PlatformImpl$$Lambda$49/26262263::<init> (10 bytes)
Event: 41.847 Thread 0x147cbc00 nmethod 2141 0x025d76c8 code [0x025d77c0, 0x025d7850]
Event: 41.847 Thread 0x147cbc00 2142             com.sun.javafx.application.PlatformImpl$$Lambda$49/26262263::run (8 bytes)
Event: 41.847 Thread 0x147cbc00 nmethod 2142 0x025d78c8 code [0x025d79d0, 0x025d7a7c]
Event: 41.847 Thread 0x147cbc00 2143             java.util.concurrent.atomic.AtomicInteger::decrementAndGet (14 bytes)
Event: 41.848 Thread 0x147cbc00 nmethod 2143 0x025d7b08 code [0x025d7c00, 0x025d7c90]
Event: 41.848 Thread 0x147cbc00 2144             com.sun.javafx.runtime.SystemProperties::isDebug (4 bytes)
Event: 41.849 Thread 0x147cbc00 nmethod 2144 0x025d7d08 code [0x025d7e00, 0x025d7e80]

GC Heap History (10 events):
Event: 8.677 GC heap before
{Heap before GC invocations=31 (full 2):
 def new generation   total 16768K, used 9993K [0x04200000, 0x05430000, 0x09750000)
  eden space 14912K,  67% used [0x04200000, 0x04bc24a0, 0x05090000)
  from space 1856K,   0% used [0x05090000, 0x05090000, 0x05260000)
  to   space 1856K,   0% used [0x05260000, 0x05260000, 0x05430000)
 tenured generation   total 37216K, used 30428K [0x09750000, 0x0bba8000, 0x14200000)
   the space 37216K,  81% used [0x09750000, 0x0b507128, 0x0b507200, 0x0bba8000)
 Metaspace       used 12219K, capacity 12910K, committed 12928K, reserved 13696K
Event: 8.684 GC heap after
Heap after GC invocations=32 (full 2):
 def new generation   total 16768K, used 1351K [0x04200000, 0x05430000, 0x09750000)
  eden space 14912K,   0% used [0x04200000, 0x04200000, 0x05090000)
  from space 1856K,  72% used [0x05260000, 0x053b1f00, 0x05430000)
  to   space 1856K,   0% used [0x05090000, 0x05090000, 0x05260000)
 tenured generation   total 37216K, used 30428K [0x09750000, 0x0bba8000, 0x14200000)
   the space 37216K,  81% used [0x09750000, 0x0b507128, 0x0b507200, 0x0bba8000)
 Metaspace       used 12219K, capacity 12910K, committed 12928K, reserved 13696K
}
Event: 9.012 GC heap before
{Heap before GC invocations=32 (full 2):
 def new generation   total 16768K, used 9249K [0x04200000, 0x05430000, 0x09750000)
  eden space 14912K,  52% used [0x04200000, 0x049b6650, 0x05090000)
  from space 1856K,  72% used [0x05260000, 0x053b1f00, 0x05430000)
  to   space 1856K,   0% used [0x05090000, 0x05090000, 0x05260000)
 tenured generation   total 45320K, used 38528K [0x09750000, 0x0c392000, 0x14200000)
   the space 45320K,  85% used [0x09750000, 0x0bcf0138, 0x0bcf0200, 0x0c392000)
 Metaspace       used 12227K, capacity 12910K, committed 12928K, reserved 13696K
Event: 9.019 GC heap after
Heap after GC invocations=33 (full 2):
 def new generation   total 16768K, used 702K [0x04200000, 0x05430000, 0x09750000)
  eden space 14912K,   0% used [0x04200000, 0x04200000, 0x05090000)
  from space 1856K,  37% used [0x05090000, 0x0513fb98, 0x05260000)
  to   space 1856K,   0% used [0x05260000, 0x05260000, 0x05430000)
 tenured generation   total 45320K, used 39869K [0x09750000, 0x0c392000, 0x14200000)
   the space 45320K,  87% used [0x09750000, 0x0be3f628, 0x0be3f800, 0x0c392000)
 Metaspace       used 12227K, capacity 12910K, committed 12928K, reserved 13696K
}
Event: 9.197 GC heap before
{Heap before GC invocations=33 (full 2):
 def new generation   total 16768K, used 9783K [0x04200000, 0x05430000, 0x09750000)
  eden space 14912K,  60% used [0x04200000, 0x04ade170, 0x05090000)
  from space 1856K,  37% used [0x05090000, 0x0513fb98, 0x05260000)
  to   space 1856K,   0% used [0x05260000, 0x05260000, 0x05430000)
 tenured generation   total 51396K, used 45944K [0x09750000, 0x0c981000, 0x14200000)
   the space 51396K,  89% used [0x09750000, 0x0c42e238, 0x0c42e400, 0x0c981000)
 Metaspace       used 12227K, capacity 12910K, committed 12928K, reserved 13696K
Event: 9.206 GC heap after
Heap after GC invocations=34 (full 2):
 def new generation   total 16768K, used 316K [0x04200000, 0x05430000, 0x09750000)
  eden space 14912K,   0% used [0x04200000, 0x04200000, 0x05090000)
  from space 1856K,  17% used [0x05260000, 0x052af1d0, 0x05430000)
  to   space 1856K,   0% used [0x05090000, 0x05090000, 0x05260000)
 tenured generation   total 59500K, used 54044K [0x09750000, 0x0d16b000, 0x14200000)
   the space 59500K,  90% used [0x09750000, 0x0cc17248, 0x0cc17400, 0x0d16b000)
 Metaspace       used 12227K, capacity 12910K, committed 12928K, reserved 13696K
}
Event: 9.344 GC heap before
{Heap before GC invocations=34 (full 2):
 def new generation   total 16768K, used 15228K [0x04200000, 0x05430000, 0x09750000)
  eden space 14912K, 100% used [0x04200000, 0x05090000, 0x05090000)
  from space 1856K,  17% used [0x05260000, 0x052af1e8, 0x05430000)
  to   space 1856K,   0% used [0x05090000, 0x05090000, 0x05260000)
 tenured generation   total 59500K, used 54044K [0x09750000, 0x0d16b000, 0x14200000)
   the space 59500K,  90% used [0x09750000, 0x0cc17248, 0x0cc17400, 0x0d16b000)
 Metaspace       used 12227K, capacity 12910K, committed 12928K, reserved 13696K
Event: 9.358 GC heap after
Heap after GC invocations=35 (full 2):
 def new generation   total 16768K, used 454K [0x04200000, 0x05430000, 0x09750000)
  eden space 14912K,   0% used [0x04200000, 0x04200000, 0x05090000)
  from space 1856K,  24% used [0x05090000, 0x05101908, 0x05260000)
  to   space 1856K,   0% used [0x05260000, 0x05260000, 0x05430000)
 tenured generation   total 73680K, used 68219K [0x09750000, 0x0df44000, 0x14200000)
   the space 73680K,  92% used [0x09750000, 0x0d9eee68, 0x0d9ef000, 0x0df44000)
 Metaspace       used 12227K, capacity 12910K, committed 12928K, reserved 13696K
}
Event: 10.823 GC heap before
{Heap before GC invocations=35 (full 2):
 def new generation   total 16768K, used 15366K [0x04200000, 0x05430000, 0x09750000)
  eden space 14912K, 100% used [0x04200000, 0x05090000, 0x05090000)
  from space 1856K,  24% used [0x05090000, 0x05101908, 0x05260000)
  to   space 1856K,   0% used [0x05260000, 0x05260000, 0x05430000)
 tenured generation   total 73680K, used 68219K [0x09750000, 0x0df44000, 0x14200000)
   the space 73680K,  92% used [0x09750000, 0x0d9eee68, 0x0d9ef000, 0x0df44000)
 Metaspace       used 12301K, capacity 12999K, committed 13056K, reserved 13696K
Event: 10.866 GC heap after
Heap after GC invocations=36 (full 3):
 def new generation   total 33216K, used 0K [0x04200000, 0x06600000, 0x09750000)
  eden space 29568K,   0% used [0x04200000, 0x04200000, 0x05ee0000)
  from space 3648K,   0% used [0x05ee0000, 0x05ee0000, 0x06270000)
  to   space 3648K,   0% used [0x06270000, 0x06270000, 0x06600000)
 tenured generation   total 73680K, used 31836K [0x09750000, 0x0df44000, 0x14200000)
   the space 73680K,  43% used [0x09750000, 0x0b667088, 0x0b667200, 0x0df44000)
 Metaspace       used 12285K, capacity 12961K, committed 13056K, reserved 13696K
}

Deoptimization events (0 events):
No events

Classes redefined (0 events):
No events

Internal exceptions (10 events):
Event: 9.270 Thread 0x1520c400 Exception <a 'java/lang/ArrayIndexOutOfBoundsException'> (0x0425a640) thrown at [C:\workspace\8-2-build-windows-i586-cygwin\jdk8u181\11358\hotspot\src\share\vm\runtime\sharedRuntime.cpp, line 605]
Event: 9.270 Thread 0x1520c400 Exception <a 'java/lang/ArrayIndexOutOfBoundsException'> (0x0425a860) thrown at [C:\workspace\8-2-build-windows-i586-cygwin\jdk8u181\11358\hotspot\src\share\vm\runtime\sharedRuntime.cpp, line 605]
Event: 9.506 Thread 0x1520c400 Exception <a 'java/lang/ArrayIndexOutOfBoundsException'> (0x042038a0) thrown at [C:\workspace\8-2-build-windows-i586-cygwin\jdk8u181\11358\hotspot\src\share\vm\runtime\sharedRuntime.cpp, line 605]
Event: 9.506 Thread 0x1520c400 Exception <a 'java/lang/ArrayIndexOutOfBoundsException'> (0x04203ac0) thrown at [C:\workspace\8-2-build-windows-i586-cygwin\jdk8u181\11358\hotspot\src\share\vm\runtime\sharedRuntime.cpp, line 605]
Event: 9.511 Thread 0x1520c400 Exception <a 'java/lang/ArrayIndexOutOfBoundsException'> (0x04205e78) thrown at [C:\workspace\8-2-build-windows-i586-cygwin\jdk8u181\11358\hotspot\src\share\vm\runtime\sharedRuntime.cpp, line 605]
Event: 9.599 Thread 0x1520c400 Exception <a 'java/lang/ArrayIndexOutOfBoundsException'> (0x0429c088) thrown at [C:\workspace\8-2-build-windows-i586-cygwin\jdk8u181\11358\hotspot\src\share\vm\runtime\sharedRuntime.cpp, line 605]
Event: 9.599 Thread 0x1520c400 Exception <a 'java/lang/ArrayIndexOutOfBoundsException'> (0x0429c2a8) thrown at [C:\workspace\8-2-build-windows-i586-cygwin\jdk8u181\11358\hotspot\src\share\vm\runtime\sharedRuntime.cpp, line 605]
Event: 9.600 Thread 0x1520c400 Exception <a 'java/lang/ArrayIndexOutOfBoundsException'> (0x0429c5d0) thrown at [C:\workspace\8-2-build-windows-i586-cygwin\jdk8u181\11358\hotspot\src\share\vm\runtime\sharedRuntime.cpp, line 605]
Event: 10.082 Thread 0x1520c400 Exception <a 'java/lang/ArrayIndexOutOfBoundsException'> (0x04ef5370) thrown at [C:\workspace\8-2-build-windows-i586-cygwin\jdk8u181\11358\hotspot\src\share\vm\runtime\sharedRuntime.cpp, line 605]
Event: 10.083 Thread 0x1520c400 Exception <a 'java/lang/ArrayIndexOutOfBoundsException'> (0x04ef5590) thrown at [C:\workspace\8-2-build-windows-i586-cygwin\jdk8u181\11358\hotspot\src\share\vm\runtime\sharedRuntime.cpp, line 605]

Events (10 events):
Event: 41.837 loading class com/sun/javafx/tk/quantum/WindowStage
Event: 41.837 loading class com/sun/javafx/tk/quantum/WindowStage done
Event: 41.838 loading class com/sun/prism/GraphicsResource
Event: 41.839 loading class com/sun/prism/GraphicsResource done
Event: 41.839 loading class com/sun/prism/GraphicsResource
Event: 41.839 loading class com/sun/prism/GraphicsResource done
Event: 41.840 loading class com/sun/javafx/tk/quantum/ViewScene
Event: 41.840 loading class com/sun/javafx/tk/quantum/ViewScene done
Event: 41.842 loading class com/sun/javafx/tk/quantum/WindowStage
Event: 41.842 loading class com/sun/javafx/tk/quantum/WindowStage done


Dynamic libraries:
0x009c0000 - 0x009f3000 	D:\java\bin\javaw.exe
0x77a10000 - 0x77b9f000 	C:\WINDOWS\SYSTEM32\ntdll.dll
0x76590000 - 0x76628000 	C:\WINDOWS\System32\KERNEL32.DLL
0x74730000 - 0x74916000 	C:\WINDOWS\System32\KERNELBASE.dll
0x76070000 - 0x760e8000 	C:\WINDOWS\System32\ADVAPI32.dll
0x76470000 - 0x7652f000 	C:\WINDOWS\System32\msvcrt.dll
0x75fc0000 - 0x76004000 	C:\WINDOWS\System32\sechost.dll
0x75e60000 - 0x75f27000 	C:\WINDOWS\System32\RPCRT4.dll
0x760f0000 - 0x76264000 	C:\WINDOWS\System32\USER32.dll
0x75100000 - 0x7511b000 	C:\WINDOWS\System32\win32u.dll
0x779d0000 - 0x779f2000 	C:\WINDOWS\System32\GDI32.dll
0x74f90000 - 0x750f7000 	C:\WINDOWS\System32\gdi32full.dll
0x75240000 - 0x752bd000 	C:\WINDOWS\System32\msvcp_win.dll
0x75120000 - 0x7523d000 	C:\WINDOWS\System32\ucrtbase.dll
0x6e590000 - 0x6e794000 	C:\WINDOWS\WinSxS\x86_microsoft.windows.common-controls_6595b64144ccf1df_6.0.17134.648_none_42f2d7c044decfd8\COMCTL32.dll
0x75750000 - 0x759ac000 	C:\WINDOWS\System32\combase.dll
0x74f30000 - 0x74f88000 	C:\WINDOWS\System32\bcryptPrimitives.dll
0x75450000 - 0x75476000 	C:\WINDOWS\System32\IMM32.DLL
0x686f0000 - 0x687af000 	D:\java\jre\bin\msvcr100.dll
0x6cae0000 - 0x6ceb3000 	D:\java\jre\bin\client\jvm.dll
0x77a00000 - 0x77a06000 	C:\WINDOWS\System32\PSAPI.DLL
0x65d40000 - 0x65d48000 	C:\WINDOWS\SYSTEM32\WSOCK32.dll
0x75df0000 - 0x75e57000 	C:\WINDOWS\System32\WS2_32.dll
0x71910000 - 0x71934000 	C:\WINDOWS\SYSTEM32\WINMM.dll
0x70440000 - 0x70448000 	C:\WINDOWS\SYSTEM32\VERSION.dll
0x718e0000 - 0x71903000 	C:\WINDOWS\SYSTEM32\winmmbase.dll
0x744c0000 - 0x744f9000 	C:\WINDOWS\System32\cfgmgr32.dll
0x686e0000 - 0x686ec000 	D:\java\jre\bin\verify.dll
0x686b0000 - 0x686d2000 	D:\java\jre\bin\java.dll
0x70bd0000 - 0x70bfb000 	D:\java\jre\bin\jdwp.dll
0x72500000 - 0x72507000 	D:\java\jre\bin\npt.dll
0x70bb0000 - 0x70bd0000 	D:\java\jre\bin\instrument.dll
0x68690000 - 0x686a4000 	D:\java\jre\bin\zip.dll
0x76680000 - 0x779ca000 	C:\WINDOWS\System32\SHELL32.dll
0x75f30000 - 0x75fb8000 	C:\WINDOWS\System32\shcore.dll
0x74970000 - 0x74f2a000 	C:\WINDOWS\System32\windows.storage.dll
0x76630000 - 0x76675000 	C:\WINDOWS\System32\shlwapi.dll
0x74490000 - 0x7449f000 	C:\WINDOWS\System32\kernel.appcore.dll
0x744a0000 - 0x744b8000 	C:\WINDOWS\System32\profapi.dll
0x74440000 - 0x74485000 	C:\WINDOWS\System32\powrprof.dll
0x74430000 - 0x74438000 	C:\WINDOWS\System32\FLTLIB.DLL
0x719e0000 - 0x719e8000 	D:\java\jre\bin\dt_socket.dll
0x63570000 - 0x63581000 	C:\WINDOWS\system32\napinsp.dll
0x64ee0000 - 0x64ef6000 	C:\WINDOWS\system32\pnrpnsp.dll
0x722f0000 - 0x72303000 	C:\WINDOWS\system32\NLAapi.dll
0x64f50000 - 0x64f5c000 	C:\WINDOWS\System32\winrnr.dll
0x73db0000 - 0x73e08000 	C:\WINDOWS\System32\mswsock.dll
0x73bd0000 - 0x73c5e000 	C:\WINDOWS\SYSTEM32\DNSAPI.dll
0x75de0000 - 0x75de7000 	C:\WINDOWS\System32\NSI.dll
0x73ba0000 - 0x73bd0000 	C:\WINDOWS\SYSTEM32\IPHLPAPI.DLL
0x64f30000 - 0x64f41000 	C:\WINDOWS\System32\wshbth.dll
0x66780000 - 0x66820000 	C:\Program Files\Common Files\System\csspi\lsp\cslsp5.0.0.dll
0x75560000 - 0x7565c000 	C:\WINDOWS\System32\ole32.dll
0x76270000 - 0x76306000 	C:\WINDOWS\System32\OLEAUT32.dll
0x666b0000 - 0x666b8000 	C:\WINDOWS\system32\wshqos.dll
0x666a0000 - 0x666a7000 	C:\WINDOWS\SYSTEM32\wshtcpip.DLL
0x66690000 - 0x66697000 	C:\WINDOWS\SYSTEM32\wship6.dll
0x6de60000 - 0x6deaf000 	C:\WINDOWS\System32\fwpuclnt.dll
0x74060000 - 0x7407b000 	C:\WINDOWS\SYSTEM32\bcrypt.dll
0x6d3c0000 - 0x6d3c8000 	C:\Windows\System32\rasadhlp.dll
0x71320000 - 0x71323000 	D:\java\jre\bin\api-ms-win-core-console-l1-1-0.dll
0x70ba0000 - 0x70ba3000 	D:\java\jre\bin\api-ms-win-core-datetime-l1-1-0.dll
0x70ad0000 - 0x70ad3000 	D:\java\jre\bin\api-ms-win-core-debug-l1-1-0.dll
0x70ab0000 - 0x70ab3000 	D:\java\jre\bin\api-ms-win-core-errorhandling-l1-1-0.dll
0x709f0000 - 0x709f4000 	D:\java\jre\bin\api-ms-win-core-file-l1-1-0.dll
0x709e0000 - 0x709e3000 	D:\java\jre\bin\api-ms-win-core-file-l1-2-0.dll
0x704f0000 - 0x704f3000 	D:\java\jre\bin\api-ms-win-core-file-l2-1-0.dll
0x6d960000 - 0x6d963000 	D:\java\jre\bin\api-ms-win-core-handle-l1-1-0.dll
0x6d950000 - 0x6d953000 	D:\java\jre\bin\api-ms-win-core-heap-l1-1-0.dll
0x6d940000 - 0x6d943000 	D:\java\jre\bin\api-ms-win-core-interlocked-l1-1-0.dll
0x6ae10000 - 0x6ae13000 	D:\java\jre\bin\api-ms-win-core-libraryloader-l1-1-0.dll
0x6aa80000 - 0x6aa83000 	D:\java\jre\bin\api-ms-win-core-localization-l1-2-0.dll
0x6aa70000 - 0x6aa73000 	D:\java\jre\bin\api-ms-win-core-memory-l1-1-0.dll
0x6aa60000 - 0x6aa63000 	D:\java\jre\bin\api-ms-win-core-namedpipe-l1-1-0.dll
0x6aa30000 - 0x6aa33000 	D:\java\jre\bin\api-ms-win-core-processenvironment-l1-1-0.dll
0x6aa20000 - 0x6aa23000 	D:\java\jre\bin\api-ms-win-core-processthreads-l1-1-0.dll
0x6aa10000 - 0x6aa13000 	D:\java\jre\bin\api-ms-win-core-processthreads-l1-1-1.dll
0x6aa00000 - 0x6aa03000 	D:\java\jre\bin\api-ms-win-core-profile-l1-1-0.dll
0x6a9f0000 - 0x6a9f3000 	D:\java\jre\bin\api-ms-win-core-rtlsupport-l1-1-0.dll
0x6a9e0000 - 0x6a9e3000 	D:\java\jre\bin\api-ms-win-core-string-l1-1-0.dll
0x6a9d0000 - 0x6a9d3000 	D:\java\jre\bin\api-ms-win-core-synch-l1-1-0.dll
0x6a9c0000 - 0x6a9c3000 	D:\java\jre\bin\api-ms-win-core-synch-l1-2-0.dll
0x6a9b0000 - 0x6a9b3000 	D:\java\jre\bin\api-ms-win-core-sysinfo-l1-1-0.dll
0x6a9a0000 - 0x6a9a3000 	D:\java\jre\bin\api-ms-win-core-timezone-l1-1-0.dll
0x6a990000 - 0x6a993000 	D:\java\jre\bin\api-ms-win-core-util-l1-1-0.dll
0x6a980000 - 0x6a983000 	D:\java\jre\bin\api-ms-win-crt-conio-l1-1-0.dll
0x6a970000 - 0x6a974000 	D:\java\jre\bin\api-ms-win-crt-convert-l1-1-0.dll
0x6a960000 - 0x6a963000 	D:\java\jre\bin\api-ms-win-crt-environment-l1-1-0.dll
0x6a950000 - 0x6a953000 	D:\java\jre\bin\api-ms-win-crt-filesystem-l1-1-0.dll
0x6a940000 - 0x6a943000 	D:\java\jre\bin\api-ms-win-crt-heap-l1-1-0.dll
0x6a930000 - 0x6a933000 	D:\java\jre\bin\api-ms-win-crt-locale-l1-1-0.dll
0x68640000 - 0x68645000 	D:\java\jre\bin\api-ms-win-crt-math-l1-1-0.dll
0x68630000 - 0x68635000 	D:\java\jre\bin\api-ms-win-crt-multibyte-l1-1-0.dll
0x68620000 - 0x68630000 	D:\java\jre\bin\api-ms-win-crt-private-l1-1-0.dll
0x68610000 - 0x68613000 	D:\java\jre\bin\api-ms-win-crt-process-l1-1-0.dll
0x68600000 - 0x68604000 	D:\java\jre\bin\api-ms-win-crt-runtime-l1-1-0.dll
0x685f0000 - 0x685f4000 	D:\java\jre\bin\api-ms-win-crt-stdio-l1-1-0.dll
0x685e0000 - 0x685e4000 	D:\java\jre\bin\api-ms-win-crt-string-l1-1-0.dll
0x685d0000 - 0x685d3000 	D:\java\jre\bin\api-ms-win-crt-time-l1-1-0.dll
0x68560000 - 0x68563000 	D:\java\jre\bin\api-ms-win-crt-utility-l1-1-0.dll
0x15280000 - 0x15398000 	D:\java\jre\bin\ucrtbase.dll
0x68540000 - 0x68554000 	D:\java\jre\bin\vcruntime140.dll
0x67e80000 - 0x67eec000 	D:\java\jre\bin\msvcp140.dll
0x67f10000 - 0x67f4b000 	D:\java\jre\bin\concrt140.dll
0x68500000 - 0x6851f000 	D:\java\jre\bin\prism_d3d.dll
0x154f0000 - 0x1565f000 	C:\WINDOWS\system32\d3d9.dll
0x73260000 - 0x73283000 	C:\WINDOWS\SYSTEM32\dwmapi.dll
0x72dc0000 - 0x72e3c000 	C:\WINDOWS\system32\uxtheme.dll
0x15660000 - 0x17861000 	C:\WINDOWS\SYSTEM32\igdumdim32.dll
0x759b0000 - 0x75ddb000 	C:\WINDOWS\System32\SETUPAPI.dll
0x67e40000 - 0x67e78000 	D:\java\jre\bin\glass.dll
0x75480000 - 0x75556000 	C:\WINDOWS\System32\COMDLG32.dll
0x76310000 - 0x76453000 	C:\WINDOWS\System32\MSCTF.dll
0x6aed0000 - 0x6b76b000 	C:\WINDOWS\SYSTEM32\igdusc32.dll
0x68530000 - 0x68540000 	D:\java\jre\bin\javafx_font.dll
0x6c630000 - 0x6c8b8000 	C:\WINDOWS\SYSTEM32\dwrite.dll
0x6f830000 - 0x6f845000 	D:\java\jre\bin\net.dll
0x72490000 - 0x7249f000 	D:\java\jre\bin\nio.dll
0x67e10000 - 0x67e31000 	D:\java\jre\bin\javafx_iio.dll
0x75660000 - 0x756e3000 	C:\WINDOWS\System32\clbcatq.dll
0x6d4c0000 - 0x6d631000 	C:\WINDOWS\SYSTEM32\WindowsCodecs.dll
0x61dd0000 - 0x61e1f000 	C:\WINDOWS\system32\dataexchange.dll
0x71fc0000 - 0x72212000 	C:\WINDOWS\system32\d3d11.dll
0x72940000 - 0x72a7c000 	C:\WINDOWS\system32\dcomp.dll
0x734d0000 - 0x73568000 	C:\WINDOWS\system32\dxgi.dll
0x72ff0000 - 0x73155000 	C:\WINDOWS\system32\twinapi.appcore.dll
0x73160000 - 0x73181000 	C:\WINDOWS\system32\RMCLIENT.dll
0x67da0000 - 0x67dc5000 	C:\Program Files\Common Files\Microsoft Shared\Ink\rtscom.dll

VM Arguments:
jvm_args: -agentlib:jdwp=transport=dt_socket,suspend=y,address=localhost:10401 -javaagent:D:\eclipse\eclipse\configuration\org.eclipse.osgi\252\0\.cp\lib\javaagent-shaded.jar -Dfile.encoding=UTF-8 
java_command: application.Main
java_class_path (initial): D:\java\jre\lib\resources.jar;D:\java\jre\lib\rt.jar;D:\java\jre\lib\jsse.jar;D:\java\jre\lib\jce.jar;D:\java\jre\lib\charsets.jar;D:\java\jre\lib\jfr.jar;D:\java\jre\lib\ext\access-bridge.jar;D:\java\jre\lib\ext\cldrdata.jar;D:\java\jre\lib\ext\dnsns.jar;D:\java\jre\lib\ext\jaccess.jar;D:\java\jre\lib\ext\jfxrt.jar;D:\java\jre\lib\ext\localedata.jar;D:\java\jre\lib\ext\nashorn.jar;D:\java\jre\lib\ext\sunec.jar;D:\java\jre\lib\ext\sunjce_provider.jar;D:\java\jre\lib\ext\sunmscapi.jar;D:\java\jre\lib\ext\sunpkcs11.jar;D:\java\jre\lib\ext\zipfs.jar;E:\ImageManager\bin;D:\eclipse\eclipse\plugins\org.eclipse.fx.ide.css.jfx8_3.3.0.201805280700.jar;D:\eclipse\eclipse\configuration\org.eclipse.osgi\252\0\.cp\lib\javaagent-shaded.jar
Launcher Type: SUN_STANDARD

Environment Variables:
CLASSPATH=D:\java\lib;D:\java\lib\tools.jar
PATH=C:\WINDOWS\system32;C:\WINDOWS;C:\WINDOWS\System32\Wbem;C:\WINDOWS\System32\WindowsPowerShell\v1.0\;C:\WINDOWS\System32\OpenSSH\;D:\java\bin;D:\git\Git\cmd;D:\java\jre\bin;d:\quatus\quartus\bin;C:\Users\Administrator\AppData\Local\Microsoft\WindowsApps;"D:\java\bin;D:\java\jre\bin";
USERNAME=Administrator
OS=Windows_NT
PROCESSOR_IDENTIFIER=x86 Family 6 Model 69 Stepping 1, GenuineIntel



---------------  S Y S T E M  ---------------

OS: Windows 10.0 Build 17134 (10.0.17134.648)

CPU:total 4 (initial active 4) (2 cores per cpu, 2 threads per core) family 6 model 69 stepping 1, cmov, cx8, fxsr, mmx, sse, sse2, sse3, ssse3, sse4.1, sse4.2, popcnt, avx, avx2, aes, clmul, erms, lzcnt, ht, tsc, tscinvbit, bmi1, bmi2

Memory: 4k page, physical 3312260k(905276k free), swap 6720132k(2122800k free)

vm_info: Java HotSpot(TM) Client VM (25.181-b13) for windows-x86 JRE (1.8.0_181-b13), built on Jul  7 2018 03:18:20 by "java_re" with MS VC++ 10.0 (VS2010)

time: Tue Apr 09 17:23:23 2019
elapsed time: 42 seconds (0d 0h 0m 42s)

