#
# A fatal error has been detected by the Java Runtime Environment:
#
#  EXCEPTION_ACCESS_VIOLATION (0xc0000005) at pc=0x67da55f7, pid=9484, tid=0x00001408
#
# JRE version: Java(TM) SE Runtime Environment (8.0_181-b13) (build 1.8.0_181-b13)
# Java VM: Java HotSpot(TM) Client VM (25.181-b13 mixed mode windows-x86 )
# Problematic frame:
# C  [glass.dll+0x155f7]
#
# Failed to write core dump. Minidumps are not enabled by default on client versions of Windows
#
# If you would like to submit a bug report, please visit:
#   http://bugreport.java.com/bugreport/crash.jsp
# The crash happened outside the Java Virtual Machine in native code.
# See problematic frame for where to report the bug.
#

---------------  T H R E A D  ---------------

Current thread (0x1740c800):  JavaThread "JavaFX Application Thread" [_thread_in_native, id=5128, stack(0x178f0000,0x17940000)]

siginfo: ExceptionCode=0xc0000005, reading address 0x00000008

Registers:
EAX=0x67db4434, EBX=0x1793e570, ECX=0x1793e570, EDX=0x67db31ac
ESP=0x1793e380, EBP=0x00000000, ESI=0x1793e570, EDI=0x00000000
EIP=0x67da55f7, EFLAGS=0x00010297

Top of Stack: (sp=0x1793e380)
0x1793e380:   1793e570 00000401 67d98b06 003a0940
0x1793e390:   00e29c00 00000000 00000401 67d915df
0x1793e3a0:   00000401 1793e570 00000000 003a0940
0x1793e3b0:   00000401 1793e3e4 00000001 76125307
0x1793e3c0:   003a0940 00000401 1793e570 00000000
0x1793e3d0:   00000401 dcbaabcd 00000001 003a0940
0x1793e3e0:   00000401 1793e4d0 7610185c 67d91590
0x1793e3f0:   003a0940 00000401 1793e570 00000000 

Instructions: (pc=0x67da55f7)
0x67da55d7:   c4 08 8b c6 8b 4d f4 64 89 0d 00 00 00 00 59 5f
0x67da55e7:   5e 8b e5 5d c2 04 00 cc cc 56 8b f1 57 8b 7e 08
0x67da55f7:   8b 47 08 85 c0 74 29 6a 00 68 c4 e1 db 67 68 28
0x67da5607:   e1 db 67 6a 00 50 e8 b6 9c 00 00 83 c4 14 85 c0 


Register to memory mapping:

EAX=0x67db4434 is an unknown value
EBX=0x1793e570 is pointing into the stack for thread: 0x1740c800
ECX=0x1793e570 is pointing into the stack for thread: 0x1740c800
EDX=0x67db31ac is an unknown value
ESP=0x1793e380 is pointing into the stack for thread: 0x1740c800
EBP=0x00000000 is an unknown value
ESI=0x1793e570 is pointing into the stack for thread: 0x1740c800
EDI=0x00000000 is an unknown value


Stack: [0x178f0000,0x17940000],  sp=0x1793e380,  free space=312k
Native frames: (J=compiled Java code, j=interpreted, Vv=VM code, C=native code)
C  [glass.dll+0x155f7]

Java frames: (J=compiled Java code, j=interpreted, Vv=VM code)
j  com.sun.glass.ui.win.WinView._close(J)Z+0
j  com.sun.glass.ui.View.close()V+53
j  com.sun.glass.ui.Window.close()V+41
j  com.sun.glass.ui.win.WinWindow.close()V+8
j  com.sun.glass.ui.Application.terminate()V+75
j  com.sun.javafx.tk.quantum.QuantumToolkit.lambda$exit$405()Ljava/lang/Object;+5
j  com.sun.javafx.tk.quantum.QuantumToolkit$$Lambda$314.get()Ljava/lang/Object;+0
j  com.sun.javafx.tk.quantum.QuantumToolkit.runWithRenderLock(Ljava/util/function/Supplier;)Ljava/lang/Object;+7
j  com.sun.javafx.tk.quantum.QuantumToolkit.exit()V+26
j  com.sun.javafx.application.PlatformImpl.lambda$tkExit$177()V+3
j  com.sun.javafx.application.PlatformImpl$$Lambda$313.run()V+0
j  com.sun.javafx.application.PlatformImpl.lambda$runAndWait$174(Ljava/lang/Runnable;Ljava/util/concurrent/CountDownLatch;)V+1
j  com.sun.javafx.application.PlatformImpl$$Lambda$47.run()V+8
J 1919 C1 com.sun.javafx.application.PlatformImpl$$Lambda$49.run()Ljava/lang/Object; (8 bytes) @ 0x0255e5f8 [0x0255e5d0+0x28]
v  ~StubRoutines::call_stub
J 1544  java.security.AccessController.doPrivileged(Ljava/security/PrivilegedAction;Ljava/security/AccessControlContext;)Ljava/lang/Object; (0 bytes) @ 0x026bae87 [0x026bae20+0x67]
J 1916 C1 com.sun.javafx.application.PlatformImpl.lambda$runLater$173(Ljava/lang/Runnable;Ljava/security/AccessControlContext;)V (38 bytes) @ 0x0255ec90 [0x0255ec30+0x60]
J 1915 C1 com.sun.javafx.application.PlatformImpl$$Lambda$48.run()V (12 bytes) @ 0x0255f02c [0x0255f000+0x2c]
J 1815 C1 com.sun.glass.ui.InvokeLaterDispatcher$Future.run()V (91 bytes) @ 0x026fd3b0 [0x026fd380+0x30]
v  ~StubRoutines::call_stub
j  com.sun.glass.ui.win.WinApplication._runLoop(Ljava/lang/Runnable;)V+0
j  com.sun.glass.ui.win.WinApplication.lambda$null$147(ILjava/lang/Runnable;)V+8
j  com.sun.glass.ui.win.WinApplication$$Lambda$37.run()V+12
j  java.lang.Thread.run()V+11
v  ~StubRoutines::call_stub

---------------  P R O C E S S  ---------------

Java Threads: ( => current thread )
  0x1751c400 JavaThread "Prism Font Disposer" daemon [_thread_blocked, id=11156, stack(0x2da90000,0x2dae0000)]
  0x17435400 JavaThread "Thread-3" daemon [_thread_in_native, id=3936, stack(0x1bcd0000,0x1bd20000)]
  0x17423400 JavaThread "JavaFX-Launcher" [_thread_blocked, id=6592, stack(0x1bd20000,0x1bd70000)]
=>0x1740c800 JavaThread "JavaFX Application Thread" [_thread_in_native, id=5128, stack(0x178f0000,0x17940000)]
  0x14c59000 JavaThread "Thread-1" daemon [_thread_blocked, id=3232, stack(0x178a0000,0x178f0000)]
  0x14c25c00 JavaThread "QuantumRenderer-0" daemon [_thread_blocked, id=9780, stack(0x14f70000,0x14fc0000)]
  0x14ae8c00 JavaThread "Service Thread" daemon [_thread_blocked, id=10260, stack(0x14db0000,0x14e00000)]
  0x14a96c00 JavaThread "C1 CompilerThread0" daemon [_thread_blocked, id=11968, stack(0x14d60000,0x14db0000)]
  0x14ac3800 JavaThread "Attach Listener" daemon [_thread_blocked, id=7932, stack(0x14d10000,0x14d60000)]
  0x14a89800 JavaThread "Signal Dispatcher" daemon [_thread_blocked, id=8348, stack(0x14cc0000,0x14d10000)]
  0x14a79800 JavaThread "Finalizer" daemon [_thread_blocked, id=2580, stack(0x04590000,0x045e0000)]
  0x023de800 JavaThread "Reference Handler" daemon [_thread_blocked, id=8784, stack(0x04540000,0x04590000)]
  0x022dc800 JavaThread "main" [_thread_blocked, id=13908, stack(0x01e90000,0x01ee0000)]

Other Threads:
  0x023dcc00 VMThread [stack: 0x044f0000,0x04540000] [id=7632]
  0x14afc000 WatcherThread [stack: 0x14e00000,0x14e50000] [id=9632]

VM state:not at safepoint (normal execution)

VM Mutex/Monitor currently owned by a thread: None

Heap:
 def new generation   total 16000K, used 14783K [0x04600000, 0x05750000, 0x09b50000)
  eden space 14272K,  98% used [0x04600000, 0x053c5b98, 0x053f0000)
  from space 1728K,  39% used [0x055a0000, 0x0564a0b0, 0x05750000)
  to   space 1728K,   0% used [0x053f0000, 0x053f0000, 0x055a0000)
 tenured generation   total 73880K, used 73382K [0x09b50000, 0x0e376000, 0x14600000)
   the space 73880K,  99% used [0x09b50000, 0x0e2f98f8, 0x0e2f9a00, 0x0e376000)
 Metaspace       used 11926K, capacity 12649K, committed 12672K, reserved 12672K

Card table byte_map: [0x04460000,0x044f0000] byte_map_base: 0x0443d000

Polling page: 0x02230000

CodeCache: size=32768Kb used=3359Kb max_used=3359Kb free=29408Kb
 bounds [0x023e0000, 0x02730000, 0x043e0000]
 total_blobs=2380 nmethods=1957 adapters=353
 compilation: enabled

Compilation events (10 events):
Event: 30.521 Thread 0x14a96c00 1980             com.sun.javafx.sg.prism.NGShape::getMode (5 bytes)
Event: 30.521 Thread 0x14a96c00 nmethod 1980 0x02724548 code [0x02724640, 0x027246c0]
Event: 33.315 Thread 0x14a96c00 1981             com.sun.prism.impl.ps.BaseShaderGraphics::drawString (819 bytes)
Event: 33.323 Thread 0x14a96c00 nmethod 1981 0x02724708 code [0x02724aa0, 0x027268ec]
Event: 33.325 Thread 0x14a96c00 1982             com.sun.prism.paint.Paint$Type::isImagePattern (5 bytes)
Event: 33.325 Thread 0x14a96c00 nmethod 1982 0x02728048 code [0x02728140, 0x027281c0]
Event: 33.327 Thread 0x14a96c00 1983             com.sun.prism.impl.BaseContext::getGlyphCache (29 bytes)
Event: 33.327 Thread 0x14a96c00 nmethod 1983 0x02728208 code [0x02728310, 0x027283e8]
Event: 33.328 Thread 0x14a96c00 1984             com.sun.prism.impl.BaseContext::getGlyphCache (36 bytes)
Event: 33.329 Thread 0x14a96c00 nmethod 1984 0x02728488 code [0x027285b0, 0x02728724]

GC Heap History (10 events):
Event: 8.448 GC heap before
{Heap before GC invocations=14 (full 2):
 def new generation   total 16000K, used 12682K [0x04600000, 0x05750000, 0x09b50000)
  eden space 14272K,  88% used [0x04600000, 0x052628e0, 0x053f0000)
  from space 1728K,   0% used [0x053f0000, 0x053f0000, 0x055a0000)
  to   space 1728K,   0% used [0x055a0000, 0x055a0000, 0x05750000)
 tenured generation   total 35388K, used 21232K [0x09b50000, 0x0bddf000, 0x14600000)
   the space 35388K,  59% used [0x09b50000, 0x0b00c000, 0x0b00c000, 0x0bddf000)
 Metaspace       used 11250K, capacity 11951K, committed 12032K, reserved 12672K
Event: 8.453 GC heap after
Heap after GC invocations=15 (full 2):
 def new generation   total 16000K, used 1540K [0x04600000, 0x05750000, 0x09b50000)
  eden space 14272K,   0% used [0x04600000, 0x04600000, 0x053f0000)
  from space 1728K,  89% used [0x055a0000, 0x05721130, 0x05750000)
  to   space 1728K,   0% used [0x053f0000, 0x053f0000, 0x055a0000)
 tenured generation   total 35388K, used 21232K [0x09b50000, 0x0bddf000, 0x14600000)
   the space 35388K,  59% used [0x09b50000, 0x0b00c000, 0x0b00c000, 0x0bddf000)
 Metaspace       used 11250K, capacity 11951K, committed 12032K, reserved 12672K
}
Event: 8.520 GC heap before
{Heap before GC invocations=15 (full 2):
 def new generation   total 16000K, used 10500K [0x04600000, 0x05750000, 0x09b50000)
  eden space 14272K,  62% used [0x04600000, 0x04ec0290, 0x053f0000)
  from space 1728K,  89% used [0x055a0000, 0x05721130, 0x05750000)
  to   space 1728K,   0% used [0x053f0000, 0x053f0000, 0x055a0000)
 tenured generation   total 35388K, used 27307K [0x09b50000, 0x0bddf000, 0x14600000)
   the space 35388K,  77% used [0x09b50000, 0x0b5fac10, 0x0b5fae00, 0x0bddf000)
 Metaspace       used 11256K, capacity 11951K, committed 12032K, reserved 12672K
Event: 8.534 GC heap after
Heap after GC invocations=16 (full 2):
 def new generation   total 16000K, used 89K [0x04600000, 0x05750000, 0x09b50000)
  eden space 14272K,   0% used [0x04600000, 0x04600000, 0x053f0000)
  from space 1728K,   5% used [0x053f0000, 0x054064f8, 0x055a0000)
  to   space 1728K,   0% used [0x055a0000, 0x055a0000, 0x05750000)
 tenured generation   total 43492K, used 36932K [0x09b50000, 0x0c5c9000, 0x14600000)
   the space 43492K,  84% used [0x09b50000, 0x0bf610a8, 0x0bf61200, 0x0c5c9000)
 Metaspace       used 11256K, capacity 11951K, committed 12032K, reserved 12672K
}
Event: 8.809 GC heap before
{Heap before GC invocations=16 (full 2):
 def new generation   total 16000K, used 9910K [0x04600000, 0x05750000, 0x09b50000)
  eden space 14272K,  68% used [0x04600000, 0x04f976b0, 0x053f0000)
  from space 1728K,   5% used [0x053f0000, 0x054064f8, 0x055a0000)
  to   space 1728K,   0% used [0x055a0000, 0x055a0000, 0x05750000)
 tenured generation   total 51596K, used 45032K [0x09b50000, 0x0cdb3000, 0x14600000)
   the space 51596K,  87% used [0x09b50000, 0x0c74a0b8, 0x0c74a200, 0x0cdb3000)
 Metaspace       used 11257K, capacity 11951K, committed 12032K, reserved 12672K
Event: 8.818 GC heap after
Heap after GC invocations=17 (full 2):
 def new generation   total 16000K, used 238K [0x04600000, 0x05750000, 0x09b50000)
  eden space 14272K,   0% used [0x04600000, 0x04600000, 0x053f0000)
  from space 1728K,  13% used [0x055a0000, 0x055db8e0, 0x05750000)
  to   space 1728K,   0% used [0x053f0000, 0x053f0000, 0x055a0000)
 tenured generation   total 59700K, used 53132K [0x09b50000, 0x0d59d000, 0x14600000)
   the space 59700K,  88% used [0x09b50000, 0x0cf330c8, 0x0cf33200, 0x0d59d000)
 Metaspace       used 11257K, capacity 11951K, committed 12032K, reserved 12672K
}
Event: 8.949 GC heap before
{Heap before GC invocations=17 (full 2):
 def new generation   total 16000K, used 7054K [0x04600000, 0x05750000, 0x09b50000)
  eden space 14272K,  47% used [0x04600000, 0x04ca82b0, 0x053f0000)
  from space 1728K,  13% used [0x055a0000, 0x055db8e0, 0x05750000)
  to   space 1728K,   0% used [0x053f0000, 0x053f0000, 0x055a0000)
 tenured generation   total 67804K, used 61232K [0x09b50000, 0x0dd87000, 0x14600000)
   the space 67804K,  90% used [0x09b50000, 0x0d71c0d8, 0x0d71c200, 0x0dd87000)
 Metaspace       used 11257K, capacity 11951K, committed 12032K, reserved 12672K
Event: 8.956 GC heap after
Heap after GC invocations=18 (full 2):
 def new generation   total 16000K, used 383K [0x04600000, 0x05750000, 0x09b50000)
  eden space 14272K,   0% used [0x04600000, 0x04600000, 0x053f0000)
  from space 1728K,  22% used [0x053f0000, 0x0544fed0, 0x055a0000)
  to   space 1728K,   0% used [0x055a0000, 0x055a0000, 0x05750000)
 tenured generation   total 67804K, used 67307K [0x09b50000, 0x0dd87000, 0x14600000)
   the space 67804K,  99% used [0x09b50000, 0x0dd0ace8, 0x0dd0ae00, 0x0dd87000)
 Metaspace       used 11257K, capacity 11951K, committed 12032K, reserved 12672K
}
Event: 9.778 GC heap before
{Heap before GC invocations=18 (full 2):
 def new generation   total 16000K, used 14659K [0x04600000, 0x05750000, 0x09b50000)
  eden space 14272K, 100% used [0x04600000, 0x053f0000, 0x053f0000)
  from space 1728K,  22% used [0x053f0000, 0x05450f08, 0x055a0000)
  to   space 1728K,   0% used [0x055a0000, 0x055a0000, 0x05750000)
 tenured generation   total 67804K, used 67307K [0x09b50000, 0x0dd87000, 0x14600000)
   the space 67804K,  99% used [0x09b50000, 0x0dd0ace8, 0x0dd0ae00, 0x0dd87000)
 Metaspace       used 11257K, capacity 11951K, committed 12032K, reserved 12672K
Event: 9.787 GC heap after
Heap after GC invocations=19 (full 2):
 def new generation   total 16000K, used 680K [0x04600000, 0x05750000, 0x09b50000)
  eden space 14272K,   0% used [0x04600000, 0x04600000, 0x053f0000)
  from space 1728K,  39% used [0x055a0000, 0x0564a0b0, 0x05750000)
  to   space 1728K,   0% used [0x053f0000, 0x053f0000, 0x055a0000)
 tenured generation   total 73880K, used 73382K [0x09b50000, 0x0e376000, 0x14600000)
   the space 73880K,  99% used [0x09b50000, 0x0e2f98f8, 0x0e2f9a00, 0x0e376000)
 Metaspace       used 11257K, capacity 11951K, committed 12032K, reserved 12672K
}

Deoptimization events (0 events):
No events

Classes redefined (0 events):
No events

Internal exceptions (10 events):
Event: 8.676 Thread 0x14c25c00 Exception <a 'java/lang/ArrayIndexOutOfBoundsException'> (0x04657cd8) thrown at [C:\workspace\8-2-build-windows-i586-cygwin\jdk8u181\11358\hotspot\src\share\vm\runtime\sharedRuntime.cpp, line 605]
Event: 8.676 Thread 0x14c25c00 Exception <a 'java/lang/ArrayIndexOutOfBoundsException'> (0x04657ef8) thrown at [C:\workspace\8-2-build-windows-i586-cygwin\jdk8u181\11358\hotspot\src\share\vm\runtime\sharedRuntime.cpp, line 605]
Event: 8.721 Thread 0x14c25c00 Exception <a 'java/lang/ArrayIndexOutOfBoundsException'> (0x0473c6e0) thrown at [C:\workspace\8-2-build-windows-i586-cygwin\jdk8u181\11358\hotspot\src\share\vm\runtime\sharedRuntime.cpp, line 605]
Event: 8.721 Thread 0x14c25c00 Exception <a 'java/lang/ArrayIndexOutOfBoundsException'> (0x0473c900) thrown at [C:\workspace\8-2-build-windows-i586-cygwin\jdk8u181\11358\hotspot\src\share\vm\runtime\sharedRuntime.cpp, line 605]
Event: 8.864 Thread 0x14c25c00 Exception <a 'java/lang/ArrayIndexOutOfBoundsException'> (0x0463b4a0) thrown at [C:\workspace\8-2-build-windows-i586-cygwin\jdk8u181\11358\hotspot\src\share\vm\runtime\sharedRuntime.cpp, line 605]
Event: 9.121 Thread 0x14c25c00 Exception <a 'java/lang/ArrayIndexOutOfBoundsException'> (0x04636ef0) thrown at [C:\workspace\8-2-build-windows-i586-cygwin\jdk8u181\11358\hotspot\src\share\vm\runtime\sharedRuntime.cpp, line 605]
Event: 9.201 Thread 0x14c25c00 Exception <a 'java/lang/ArrayIndexOutOfBoundsException'> (0x04ce83f8) thrown at [C:\workspace\8-2-build-windows-i586-cygwin\jdk8u181\11358\hotspot\src\share\vm\runtime\sharedRuntime.cpp, line 605]
Event: 9.201 Thread 0x14c25c00 Exception <a 'java/lang/ArrayIndexOutOfBoundsException'> (0x04ce8618) thrown at [C:\workspace\8-2-build-windows-i586-cygwin\jdk8u181\11358\hotspot\src\share\vm\runtime\sharedRuntime.cpp, line 605]
Event: 9.879 Thread 0x14c25c00 Exception <a 'java/lang/ArrayIndexOutOfBoundsException'> (0x049638a8) thrown at [C:\workspace\8-2-build-windows-i586-cygwin\jdk8u181\11358\hotspot\src\share\vm\runtime\sharedRuntime.cpp, line 605]
Event: 9.879 Thread 0x14c25c00 Exception <a 'java/lang/ArrayIndexOutOfBoundsException'> (0x04963ac8) thrown at [C:\workspace\8-2-build-windows-i586-cygwin\jdk8u181\11358\hotspot\src\share\vm\runtime\sharedRuntime.cpp, line 605]

Events (10 events):
Event: 149.441 loading class com/sun/javafx/tk/quantum/WindowStage
Event: 149.441 loading class com/sun/javafx/tk/quantum/WindowStage done
Event: 149.441 loading class com/sun/prism/GraphicsResource
Event: 149.441 loading class com/sun/prism/GraphicsResource done
Event: 149.441 loading class com/sun/prism/GraphicsResource
Event: 149.441 loading class com/sun/prism/GraphicsResource done
Event: 149.442 loading class com/sun/javafx/tk/quantum/ViewScene
Event: 149.442 loading class com/sun/javafx/tk/quantum/ViewScene done
Event: 149.443 loading class com/sun/javafx/tk/quantum/WindowStage
Event: 149.443 loading class com/sun/javafx/tk/quantum/WindowStage done


Dynamic libraries:
0x009c0000 - 0x009f3000 	D:\java\bin\javaw.exe
0x77a10000 - 0x77b9f000 	C:\WINDOWS\SYSTEM32\ntdll.dll
0x76590000 - 0x76628000 	C:\WINDOWS\System32\KERNEL32.DLL
0x74730000 - 0x74916000 	C:\WINDOWS\System32\KERNELBASE.dll
0x76070000 - 0x760e8000 	C:\WINDOWS\System32\ADVAPI32.dll
0x76470000 - 0x7652f000 	C:\WINDOWS\System32\msvcrt.dll
0x75fc0000 - 0x76004000 	C:\WINDOWS\System32\sechost.dll
0x75e60000 - 0x75f27000 	C:\WINDOWS\System32\RPCRT4.dll
0x760f0000 - 0x76264000 	C:\WINDOWS\System32\USER32.dll
0x75100000 - 0x7511b000 	C:\WINDOWS\System32\win32u.dll
0x779d0000 - 0x779f2000 	C:\WINDOWS\System32\GDI32.dll
0x74f90000 - 0x750f7000 	C:\WINDOWS\System32\gdi32full.dll
0x75240000 - 0x752bd000 	C:\WINDOWS\System32\msvcp_win.dll
0x75120000 - 0x7523d000 	C:\WINDOWS\System32\ucrtbase.dll
0x6e590000 - 0x6e794000 	C:\WINDOWS\WinSxS\x86_microsoft.windows.common-controls_6595b64144ccf1df_6.0.17134.648_none_42f2d7c044decfd8\COMCTL32.dll
0x75750000 - 0x759ac000 	C:\WINDOWS\System32\combase.dll
0x74f30000 - 0x74f88000 	C:\WINDOWS\System32\bcryptPrimitives.dll
0x75450000 - 0x75476000 	C:\WINDOWS\System32\IMM32.DLL
0x686f0000 - 0x687af000 	D:\java\jre\bin\msvcr100.dll
0x6cae0000 - 0x6ceb3000 	D:\java\jre\bin\client\jvm.dll
0x77a00000 - 0x77a06000 	C:\WINDOWS\System32\PSAPI.DLL
0x71910000 - 0x71934000 	C:\WINDOWS\SYSTEM32\WINMM.dll
0x70440000 - 0x70448000 	C:\WINDOWS\SYSTEM32\VERSION.dll
0x718e0000 - 0x71903000 	C:\WINDOWS\SYSTEM32\WINMMBASE.dll
0x744c0000 - 0x744f9000 	C:\WINDOWS\System32\cfgmgr32.dll
0x65d40000 - 0x65d48000 	C:\WINDOWS\SYSTEM32\WSOCK32.dll
0x75df0000 - 0x75e57000 	C:\WINDOWS\System32\WS2_32.dll
0x686e0000 - 0x686ec000 	D:\java\jre\bin\verify.dll
0x686b0000 - 0x686d2000 	D:\java\jre\bin\java.dll
0x68690000 - 0x686a4000 	D:\java\jre\bin\zip.dll
0x76680000 - 0x779ca000 	C:\WINDOWS\System32\SHELL32.dll
0x75f30000 - 0x75fb8000 	C:\WINDOWS\System32\shcore.dll
0x74970000 - 0x74f2a000 	C:\WINDOWS\System32\windows.storage.dll
0x76630000 - 0x76675000 	C:\WINDOWS\System32\shlwapi.dll
0x74490000 - 0x7449f000 	C:\WINDOWS\System32\kernel.appcore.dll
0x744a0000 - 0x744b8000 	C:\WINDOWS\System32\profapi.dll
0x74440000 - 0x74485000 	C:\WINDOWS\System32\powrprof.dll
0x74430000 - 0x74438000 	C:\WINDOWS\System32\FLTLIB.DLL
0x72500000 - 0x72503000 	D:\java\jre\bin\api-ms-win-core-console-l1-1-0.dll
0x719e0000 - 0x719e3000 	D:\java\jre\bin\api-ms-win-core-datetime-l1-1-0.dll
0x71320000 - 0x71323000 	D:\java\jre\bin\api-ms-win-core-debug-l1-1-0.dll
0x70bf0000 - 0x70bf3000 	D:\java\jre\bin\api-ms-win-core-errorhandling-l1-1-0.dll
0x70be0000 - 0x70be4000 	D:\java\jre\bin\api-ms-win-core-file-l1-1-0.dll
0x70bd0000 - 0x70bd3000 	D:\java\jre\bin\api-ms-win-core-file-l1-2-0.dll
0x70bc0000 - 0x70bc3000 	D:\java\jre\bin\api-ms-win-core-file-l2-1-0.dll
0x70bb0000 - 0x70bb3000 	D:\java\jre\bin\api-ms-win-core-handle-l1-1-0.dll
0x70ba0000 - 0x70ba3000 	D:\java\jre\bin\api-ms-win-core-heap-l1-1-0.dll
0x70ad0000 - 0x70ad3000 	D:\java\jre\bin\api-ms-win-core-interlocked-l1-1-0.dll
0x70ab0000 - 0x70ab3000 	D:\java\jre\bin\api-ms-win-core-libraryloader-l1-1-0.dll
0x709f0000 - 0x709f3000 	D:\java\jre\bin\api-ms-win-core-localization-l1-2-0.dll
0x709e0000 - 0x709e3000 	D:\java\jre\bin\api-ms-win-core-memory-l1-1-0.dll
0x704f0000 - 0x704f3000 	D:\java\jre\bin\api-ms-win-core-namedpipe-l1-1-0.dll
0x6d960000 - 0x6d963000 	D:\java\jre\bin\api-ms-win-core-processenvironment-l1-1-0.dll
0x6d950000 - 0x6d953000 	D:\java\jre\bin\api-ms-win-core-processthreads-l1-1-0.dll
0x6d940000 - 0x6d943000 	D:\java\jre\bin\api-ms-win-core-processthreads-l1-1-1.dll
0x6ae10000 - 0x6ae13000 	D:\java\jre\bin\api-ms-win-core-profile-l1-1-0.dll
0x6aa80000 - 0x6aa83000 	D:\java\jre\bin\api-ms-win-core-rtlsupport-l1-1-0.dll
0x6aa70000 - 0x6aa73000 	D:\java\jre\bin\api-ms-win-core-string-l1-1-0.dll
0x6aa60000 - 0x6aa63000 	D:\java\jre\bin\api-ms-win-core-synch-l1-1-0.dll
0x6a970000 - 0x6a973000 	D:\java\jre\bin\api-ms-win-core-synch-l1-2-0.dll
0x6a960000 - 0x6a963000 	D:\java\jre\bin\api-ms-win-core-sysinfo-l1-1-0.dll
0x6a950000 - 0x6a953000 	D:\java\jre\bin\api-ms-win-core-timezone-l1-1-0.dll
0x6a940000 - 0x6a943000 	D:\java\jre\bin\api-ms-win-core-util-l1-1-0.dll
0x6a930000 - 0x6a933000 	D:\java\jre\bin\api-ms-win-crt-conio-l1-1-0.dll
0x68640000 - 0x68644000 	D:\java\jre\bin\api-ms-win-crt-convert-l1-1-0.dll
0x68630000 - 0x68633000 	D:\java\jre\bin\api-ms-win-crt-environment-l1-1-0.dll
0x68620000 - 0x68623000 	D:\java\jre\bin\api-ms-win-crt-filesystem-l1-1-0.dll
0x68610000 - 0x68613000 	D:\java\jre\bin\api-ms-win-crt-heap-l1-1-0.dll
0x68600000 - 0x68603000 	D:\java\jre\bin\api-ms-win-crt-locale-l1-1-0.dll
0x685f0000 - 0x685f5000 	D:\java\jre\bin\api-ms-win-crt-math-l1-1-0.dll
0x685e0000 - 0x685e5000 	D:\java\jre\bin\api-ms-win-crt-multibyte-l1-1-0.dll
0x685d0000 - 0x685e0000 	D:\java\jre\bin\api-ms-win-crt-private-l1-1-0.dll
0x68560000 - 0x68563000 	D:\java\jre\bin\api-ms-win-crt-process-l1-1-0.dll
0x68550000 - 0x68554000 	D:\java\jre\bin\api-ms-win-crt-runtime-l1-1-0.dll
0x68540000 - 0x68544000 	D:\java\jre\bin\api-ms-win-crt-stdio-l1-1-0.dll
0x68530000 - 0x68534000 	D:\java\jre\bin\api-ms-win-crt-string-l1-1-0.dll
0x67fb0000 - 0x67fb3000 	D:\java\jre\bin\api-ms-win-crt-time-l1-1-0.dll
0x67f40000 - 0x67f43000 	D:\java\jre\bin\api-ms-win-crt-utility-l1-1-0.dll
0x14e50000 - 0x14f68000 	D:\java\jre\bin\ucrtbase.dll
0x67f20000 - 0x67f34000 	D:\java\jre\bin\vcruntime140.dll
0x67e80000 - 0x67eec000 	D:\java\jre\bin\msvcp140.dll
0x67e40000 - 0x67e7b000 	D:\java\jre\bin\concrt140.dll
0x67e20000 - 0x67e3f000 	D:\java\jre\bin\prism_d3d.dll
0x14fc0000 - 0x1512f000 	C:\WINDOWS\system32\d3d9.dll
0x73260000 - 0x73283000 	C:\WINDOWS\SYSTEM32\dwmapi.dll
0x72dc0000 - 0x72e3c000 	C:\WINDOWS\system32\uxtheme.dll
0x15180000 - 0x17381000 	C:\WINDOWS\SYSTEM32\igdumdim32.dll
0x759b0000 - 0x75ddb000 	C:\WINDOWS\System32\SETUPAPI.dll
0x76270000 - 0x76306000 	C:\WINDOWS\System32\OLEAUT32.dll
0x75560000 - 0x7565c000 	C:\WINDOWS\System32\ole32.dll
0x67d90000 - 0x67dc8000 	D:\java\jre\bin\glass.dll
0x75480000 - 0x75556000 	C:\WINDOWS\System32\COMDLG32.dll
0x76310000 - 0x76453000 	C:\WINDOWS\System32\MSCTF.dll
0x6aed0000 - 0x6b76b000 	C:\WINDOWS\SYSTEM32\igdusc32.dll
0x67f10000 - 0x67f20000 	D:\java\jre\bin\javafx_font.dll
0x6c630000 - 0x6c8b8000 	C:\WINDOWS\SYSTEM32\dwrite.dll
0x6f830000 - 0x6f845000 	D:\java\jre\bin\net.dll
0x73db0000 - 0x73e08000 	C:\WINDOWS\system32\mswsock.dll
0x72490000 - 0x7249f000 	D:\java\jre\bin\nio.dll
0x621c0000 - 0x621e1000 	D:\java\jre\bin\javafx_iio.dll
0x75660000 - 0x756e3000 	C:\WINDOWS\System32\clbcatq.dll
0x6d4c0000 - 0x6d631000 	C:\WINDOWS\SYSTEM32\WindowsCodecs.dll
0x61dd0000 - 0x61e1f000 	C:\WINDOWS\system32\dataexchange.dll
0x72940000 - 0x72a7c000 	C:\WINDOWS\system32\dcomp.dll
0x71fc0000 - 0x72212000 	C:\WINDOWS\system32\d3d11.dll
0x734d0000 - 0x73568000 	C:\WINDOWS\system32\dxgi.dll
0x72ff0000 - 0x73155000 	C:\WINDOWS\system32\twinapi.appcore.dll
0x73160000 - 0x73181000 	C:\WINDOWS\system32\RMCLIENT.dll
0x62190000 - 0x621b5000 	C:\Program Files\Common Files\Microsoft Shared\Ink\rtscom.dll
0x6ed40000 - 0x6edbd000 	C:\WINDOWS\System32\TextInputFramework.dll
0x6d100000 - 0x6d35d000 	C:\WINDOWS\System32\CoreUIComponents.dll
0x72a80000 - 0x72b26000 	C:\WINDOWS\System32\CoreMessaging.dll
0x73770000 - 0x73799000 	C:\WINDOWS\SYSTEM32\ntmarta.dll
0x715f0000 - 0x716c6000 	C:\WINDOWS\SYSTEM32\wintypes.dll
0x548f0000 - 0x54c23000 	C:\WINDOWS\system32\PalmInputTSF.dll
0x72520000 - 0x72526000 	C:\WINDOWS\system32\MSIMG32.dll
0x65050000 - 0x651d2000 	C:\WINDOWS\system32\dbghelp.dll
0x64bf0000 - 0x64c15000 	C:\WINDOWS\system32\dbgcore.DLL
0x67e10000 - 0x67e1f000 	D:\java\jre\bin\prism_common.dll
0x71aa0000 - 0x71fb4000 	C:\WINDOWS\SYSTEM32\d2d1.dll
0x35100000 - 0x35686000 	C:\WINDOWS\SYSTEM32\D3D10Warp.dll

VM Arguments:
jvm_args: -Dfile.encoding=UTF-8 
java_command: application.Main
java_class_path (initial): D:\java\jre\lib\resources.jar;D:\java\jre\lib\rt.jar;D:\java\jre\lib\jsse.jar;D:\java\jre\lib\jce.jar;D:\java\jre\lib\charsets.jar;D:\java\jre\lib\jfr.jar;D:\java\jre\lib\ext\access-bridge.jar;D:\java\jre\lib\ext\cldrdata.jar;D:\java\jre\lib\ext\dnsns.jar;D:\java\jre\lib\ext\jaccess.jar;D:\java\jre\lib\ext\jfxrt.jar;D:\java\jre\lib\ext\localedata.jar;D:\java\jre\lib\ext\nashorn.jar;D:\java\jre\lib\ext\sunec.jar;D:\java\jre\lib\ext\sunjce_provider.jar;D:\java\jre\lib\ext\sunmscapi.jar;D:\java\jre\lib\ext\sunpkcs11.jar;D:\java\jre\lib\ext\zipfs.jar;E:\ImageManager\bin;D:\eclipse\eclipse\plugins\org.eclipse.fx.ide.css.jfx8_3.3.0.201805280700.jar
Launcher Type: SUN_STANDARD

Environment Variables:
CLASSPATH=D:\java\lib;D:\java\lib\tools.jar
PATH=C:\WINDOWS\system32;C:\WINDOWS;C:\WINDOWS\System32\Wbem;C:\WINDOWS\System32\WindowsPowerShell\v1.0\;C:\WINDOWS\System32\OpenSSH\;D:\java\bin;D:\git\Git\cmd;D:\java\jre\bin;d:\quatus\quartus\bin;C:\Users\Administrator\AppData\Local\Microsoft\WindowsApps;"D:\java\bin;D:\java\jre\bin";
USERNAME=Administrator
OS=Windows_NT
PROCESSOR_IDENTIFIER=x86 Family 6 Model 69 Stepping 1, GenuineIntel



---------------  S Y S T E M  ---------------

OS: Windows 10.0 Build 17134 (10.0.17134.648)

CPU:total 4 (initial active 4) (2 cores per cpu, 2 threads per core) family 6 model 69 stepping 1, cmov, cx8, fxsr, mmx, sse, sse2, sse3, ssse3, sse4.1, sse4.2, popcnt, avx, avx2, aes, clmul, erms, lzcnt, ht, tsc, tscinvbit, bmi1, bmi2

Memory: 4k page, physical 3312260k(940924k free), swap 6720132k(2184636k free)

vm_info: Java HotSpot(TM) Client VM (25.181-b13) for windows-x86 JRE (1.8.0_181-b13), built on Jul  7 2018 03:18:20 by "java_re" with MS VC++ 10.0 (VS2010)

time: Tue Apr 09 17:22:37 2019
elapsed time: 149 seconds (0d 0h 2m 29s)

